#
# There is insufficient memory for the Java Runtime Environment to continue.
# Native memory allocation (malloc) failed to allocate 32744 bytes for ChunkPool::allocate
# Possible reasons:
#   The system is out of physical RAM or swap space
#   The process is running with CompressedOops enabled, and the Java Heap may be blocking the growth of the native heap
# Possible solutions:
#   Reduce memory load on the system
#   Increase physical memory or swap space
#   Check if swap backing store is full
#   Decrease Java heap size (-Xmx/-Xms)
#   Decrease Java thread stack sizes (-Xss)
#   Set larger code cache with -XX:ReservedCodeCacheSize=
#   JVM is running with Unscaled Compressed Oops mode in which the Java heap is
#     placed in the first 4GB address space. The Java Heap base address is the
#     maximum limit for the native heap growth. Please use -XX:HeapBaseMinAddress
#     to set the Java Heap base and to place the Java Heap above 4GB virtual address.
# This output file may be truncated or incomplete.
#
#  Out of Memory Error (src/hotspot/share/memory/arena.cpp:81), pid=149952, tid=163180
#
# JRE version: OpenJDK Runtime Environment (11.0.15) (build 11.0.15+0-b2043.56-9505619)
# Java VM: OpenJDK 64-Bit Server VM (11.0.15+0-b2043.56-9505619, mixed mode, tiered, compressed oops, g1 gc, windows-amd64)
# No core dump will be written. Minidumps are not enabled by default on client versions of Windows
#

---------------  S U M M A R Y ------------

Command Line: --add-opens=java.base/java.util=ALL-UNNAMED --add-opens=java.base/java.lang=ALL-UNNAMED --add-opens=java.base/java.lang.invoke=ALL-UNNAMED --add-opens=java.base/java.util=ALL-UNNAMED --add-opens=java.prefs/java.util.prefs=ALL-UNNAMED --add-opens=java.prefs/java.util.prefs=ALL-UNNAMED --add-opens=java.base/java.nio.charset=ALL-UNNAMED --add-opens=java.base/java.net=ALL-UNNAMED --add-opens=java.base/java.util.concurrent.atomic=ALL-UNNAMED -Xmx1536M -Dfile.encoding=windows-1252 -Duser.country=US -Duser.language=en -Duser.variant org.gradle.launcher.daemon.bootstrap.GradleDaemon 7.5

Host: AMD Ryzen 3 5300U with Radeon Graphics         , 8 cores, 5G,  Windows 11 , 64 bit Build 22000 (10.0.22000.2003)
Time: Fri Aug 25 16:15:01 2023 Myanmar Standard Time elapsed time: 34.852548 seconds (0d 0h 0m 34s)

---------------  T H R E A D  ---------------

Current thread (0x0000029ab1ec6800):  JavaThread "C2 CompilerThread0" daemon [_thread_in_native, id=163180, stack(0x000000ccfce00000,0x000000ccfcf00000)]


Current CompileTask:
C2:  34853 12132       4       org.gradle.internal.logging.text.AbstractLineChoppingStyledTextOutput$1::execute (9 bytes)

Stack: [0x000000ccfce00000,0x000000ccfcf00000]
Native frames: (J=compiled Java code, j=interpreted, Vv=VM code, C=native code)
V  [jvm.dll+0x64135a]
V  [jvm.dll+0x7d39f9]
V  [jvm.dll+0x7d51b9]
V  [jvm.dll+0x7d58a3]
V  [jvm.dll+0x2691c5]
V  [jvm.dll+0xc1cbf]
V  [jvm.dll+0xc200c]
V  [jvm.dll+0xc1b6b]
V  [jvm.dll+0x61e08f]
V  [jvm.dll+0x67315d]
V  [jvm.dll+0x1b39e0]
V  [jvm.dll+0x22163e]
V  [jvm.dll+0x220498]
V  [jvm.dll+0x19e851]
V  [jvm.dll+0x230479]
V  [jvm.dll+0x22e5ef]
V  [jvm.dll+0x794de1]
V  [jvm.dll+0x78dc24]
V  [jvm.dll+0x6400f6]
C  [ucrtbase.dll+0x26c0c]
C  [KERNEL32.DLL+0x155a0]
C  [ntdll.dll+0x485b]


---------------  P R O C E S S  ---------------

Threads class SMR info:
_java_thread_list=0x0000029abcdcaef0, length=135, elements={
0x0000029a96d97800, 0x0000029ab1ea0800, 0x0000029ab1ea9800, 0x0000029ab1ec1800,
0x0000029ab1ec2800, 0x0000029ab1ec3800, 0x0000029ab1ec6800, 0x0000029ab1ecb000,
0x0000029ab1ecf000, 0x0000029ab298f000, 0x0000029ab41cf000, 0x0000029ab34d0000,
0x0000029ab462b800, 0x0000029ab435e000, 0x0000029ab435f000, 0x0000029ab41a2800,
0x0000029ab41ab000, 0x0000029ab48c2000, 0x0000029ab41ca800, 0x0000029ab48c3000,
0x0000029ab494a000, 0x0000029ab494b000, 0x0000029ab494c000, 0x0000029ab4948800,
0x0000029ab4947800, 0x0000029ab4949800, 0x0000029ab4946000, 0x0000029ab494c800,
0x0000029ab4947000, 0x0000029ab554c000, 0x0000029ab554d800, 0x0000029ab554c800,
0x0000029ab554e800, 0x0000029ab554f000, 0x0000029ab554a800, 0x0000029ab5551000,
0x0000029ab554b000, 0x0000029ab5553800, 0x0000029ab5555000, 0x0000029ab5556800,
0x0000029ab5555800, 0x0000029ab5557800, 0x0000029ab5554000, 0x0000029ab5551800,
0x0000029ab5558000, 0x0000029ab5552800, 0x0000029ab5559000, 0x0000029ab5450800,
0x0000029ab5455000, 0x0000029ab5457000, 0x0000029ab5456000, 0x0000029ab5451000,
0x0000029ab5457800, 0x0000029ab5452000, 0x0000029ab5458800, 0x0000029ab5454800,
0x0000029ab5452800, 0x0000029ab5459800, 0x0000029ab5453800, 0x0000029ab545a000,
0x0000029ab545f000, 0x0000029ab545b000, 0x0000029ab545b800, 0x0000029ab545e000,
0x0000029ab545c800, 0x0000029ab545d800, 0x0000029ab8cdc000, 0x0000029ab8cd9800,
0x0000029ab8cdc800, 0x0000029ab8cdd800, 0x0000029ab8cde800, 0x0000029ab8cdf000,
0x0000029ab8ce0000, 0x0000029ab8cda000, 0x0000029ab8ce1000, 0x0000029ab8cdb000,
0x0000029ab8ce5000, 0x0000029ab8ce3000, 0x0000029ab8ce2800, 0x0000029ab8ce4000,
0x0000029ab8ce7800, 0x0000029ab8ce1800, 0x0000029ab8ce5800, 0x0000029ab8ce6800,
0x0000029ab8ce8000, 0x0000029ab75cb000, 0x0000029ab75c9000, 0x0000029ab75c7000,
0x0000029ab75cc000, 0x0000029ab75ca800, 0x0000029ab75c8000, 0x0000029ab75cf800,
0x0000029ab75ce800, 0x0000029ab75cd000, 0x0000029ab75cd800, 0x0000029ab75c9800,
0x0000029ab75d3800, 0x0000029ab75d4000, 0x0000029ab75d0000, 0x0000029ab75d5000,
0x0000029ab75d6000, 0x0000029ab75d1000, 0x0000029ab75d2000, 0x0000029ab75d2800,
0x0000029ab89cc800, 0x0000029ab89cd000, 0x0000029ab89cf800, 0x0000029ab89ce000,
0x0000029ab89cf000, 0x0000029ab89cb800, 0x0000029ab89d6000, 0x0000029ab89d3000,
0x0000029ab89d5800, 0x0000029ab89d3800, 0x0000029ab89d2000, 0x0000029ab89d0800,
0x0000029ab89d4800, 0x0000029ab89d7000, 0x0000029ab89d1800, 0x0000029ab89da000,
0x0000029ab89d8000, 0x0000029ab89d8800, 0x0000029ab89d9800, 0x0000029abd30e800,
0x0000029abd309000, 0x0000029abd30c000, 0x0000029abd30a800, 0x0000029abd30d000,
0x0000029abd30a000, 0x0000029abd30e000, 0x0000029abd30f800, 0x0000029abca22800,
0x0000029abca24000, 0x0000029abca21000, 0x0000029abca20000
}

Java Threads: ( => current thread )
  0x0000029a96d97800 JavaThread "main" [_thread_blocked, id=138184, stack(0x000000ccfc200000,0x000000ccfc300000)]
  0x0000029ab1ea0800 JavaThread "Reference Handler" daemon [_thread_blocked, id=161020, stack(0x000000ccfc900000,0x000000ccfca00000)]
  0x0000029ab1ea9800 JavaThread "Finalizer" daemon [_thread_blocked, id=123368, stack(0x000000ccfca00000,0x000000ccfcb00000)]
  0x0000029ab1ec1800 JavaThread "Signal Dispatcher" daemon [_thread_blocked, id=149376, stack(0x000000ccfcb00000,0x000000ccfcc00000)]
  0x0000029ab1ec2800 JavaThread "Attach Listener" daemon [_thread_blocked, id=141060, stack(0x000000ccfcc00000,0x000000ccfcd00000)]
  0x0000029ab1ec3800 JavaThread "Service Thread" daemon [_thread_blocked, id=141160, stack(0x000000ccfcd00000,0x000000ccfce00000)]
=>0x0000029ab1ec6800 JavaThread "C2 CompilerThread0" daemon [_thread_in_native, id=163180, stack(0x000000ccfce00000,0x000000ccfcf00000)]
  0x0000029ab1ecb000 JavaThread "C1 CompilerThread0" daemon [_thread_blocked, id=161520, stack(0x000000ccfcf00000,0x000000ccfd000000)]
  0x0000029ab1ecf000 JavaThread "Sweeper thread" daemon [_thread_blocked, id=164072, stack(0x000000ccfd000000,0x000000ccfd100000)]
  0x0000029ab298f000 JavaThread "Common-Cleaner" daemon [_thread_blocked, id=159636, stack(0x000000ccfd100000,0x000000ccfd200000)]
  0x0000029ab41cf000 JavaThread "Daemon health stats" [_thread_blocked, id=164280, stack(0x000000ccfd400000,0x000000ccfd500000)]
  0x0000029ab34d0000 JavaThread "Incoming local TCP Connector on port 53904" [_thread_in_native, id=132460, stack(0x000000ccfd900000,0x000000ccfda00000)]
  0x0000029ab462b800 JavaThread "Daemon periodic checks" [_thread_blocked, id=144772, stack(0x000000ccfda00000,0x000000ccfdb00000)]
  0x0000029ab435e000 JavaThread "Daemon" [_thread_blocked, id=160544, stack(0x000000ccfdb00000,0x000000ccfdc00000)]
  0x0000029ab435f000 JavaThread "Handler for socket connection from /127.0.0.1:53904 to /127.0.0.1:53905" [_thread_in_native, id=121336, stack(0x000000ccfdc00000,0x000000ccfdd00000)]
  0x0000029ab41a2800 JavaThread "Cancel handler" [_thread_blocked, id=159912, stack(0x000000ccfdd00000,0x000000ccfde00000)]
  0x0000029ab41ab000 JavaThread "Daemon worker" [_thread_blocked, id=164252, stack(0x000000ccfde00000,0x000000ccfdf00000)]
  0x0000029ab48c2000 JavaThread "Asynchronous log dispatcher for DefaultDaemonConnection: socket connection from /127.0.0.1:53904 to /127.0.0.1:53905" [_thread_blocked, id=126660, stack(0x000000ccfdf00000,0x000000ccfe000000)]
  0x0000029ab41ca800 JavaThread "Stdin handler" [_thread_blocked, id=153196, stack(0x000000ccfe000000,0x000000ccfe100000)]
  0x0000029ab48c3000 JavaThread "Daemon client event forwarder" [_thread_blocked, id=129676, stack(0x000000ccfe100000,0x000000ccfe200000)]
  0x0000029ab494a000 JavaThread "Cache worker for journal cache (C:\Users\dkmad\.gradle\caches\journal-1)" [_thread_blocked, id=123964, stack(0x000000ccfe600000,0x000000ccfe700000)]
  0x0000029ab494b000 JavaThread "File lock request listener" [_thread_in_native, id=101528, stack(0x000000ccfe700000,0x000000ccfe800000)]
  0x0000029ab494c000 JavaThread "Cache worker for file hash cache (C:\Users\dkmad\.gradle\caches\7.5\fileHashes)" [_thread_blocked, id=126928, stack(0x000000ccfe800000,0x000000ccfe900000)]
  0x0000029ab4948800 JavaThread "File watcher server" daemon [_thread_in_native, id=32268, stack(0x000000ccfea00000,0x000000ccfeb00000)]
  0x0000029ab4947800 JavaThread "File watcher consumer" daemon [_thread_blocked, id=141140, stack(0x000000ccfeb00000,0x000000ccfec00000)]
  0x0000029ab4949800 JavaThread "Cache worker for checksums cache (C:\flutter projects\flutter_bloc_quiz\quiz_app\android\.gradle\7.5\checksums)" [_thread_blocked, id=158504, stack(0x000000ccfec00000,0x000000ccfed00000)]
  0x0000029ab4946000 JavaThread "Cache worker for cache directory md-rule (C:\Users\dkmad\.gradle\caches\7.5\md-rule)" [_thread_blocked, id=157000, stack(0x000000ccfed00000,0x000000ccfee00000)]
  0x0000029ab494c800 JavaThread "Cache worker for file content cache (C:\Users\dkmad\.gradle\caches\7.5\fileContent)" [_thread_blocked, id=162616, stack(0x000000ccfee00000,0x000000ccfef00000)]
  0x0000029ab4947000 JavaThread "Cache worker for file hash cache (C:\flutter projects\flutter_bloc_quiz\quiz_app\android\.gradle\7.5\fileHashes)" [_thread_blocked, id=134348, stack(0x000000ccfef00000,0x000000ccff000000)]
  0x0000029ab554c000 JavaThread "Cache worker for cache directory md-supplier (C:\Users\dkmad\.gradle\caches\7.5\md-supplier)" [_thread_blocked, id=147696, stack(0x000000ccff000000,0x000000ccff100000)]
  0x0000029ab554d800 JavaThread "Cache worker for execution history cache (C:\Users\dkmad\.gradle\caches\7.5\executionHistory)" [_thread_blocked, id=138632, stack(0x000000ccff100000,0x000000ccff200000)]
  0x0000029ab554c800 JavaThread "jar transforms" [_thread_blocked, id=7756, stack(0x000000ccff200000,0x000000ccff300000)]
  0x0000029ab554e800 JavaThread "jar transforms Thread 2" [_thread_blocked, id=163088, stack(0x000000ccff300000,0x000000ccff400000)]
  0x0000029ab554f000 JavaThread "jar transforms Thread 3" [_thread_blocked, id=109700, stack(0x000000ccff400000,0x000000ccff500000)]
  0x0000029ab554a800 JavaThread "jar transforms Thread 4" [_thread_blocked, id=164556, stack(0x000000ccff500000,0x000000ccff600000)]
  0x0000029ab5551000 JavaThread "Cache worker for dependencies-accessors (C:\flutter projects\flutter_bloc_quiz\quiz_app\android\.gradle\7.5\dependencies-accessors)" [_thread_blocked, id=147032, stack(0x000000ccff600000,0x000000ccff700000)]
  0x0000029ab554b000 JavaThread "jar transforms Thread 5" [_thread_blocked, id=130764, stack(0x000000ccff700000,0x000000ccff800000)]
  0x0000029ab5553800 JavaThread "Cache worker for Build Output Cleanup Cache (C:\flutter projects\flutter_bloc_quiz\quiz_app\android\.gradle\buildOutputCleanup)" [_thread_blocked, id=128180, stack(0x000000ccff800000,0x000000ccff900000)]
  0x0000029ab5555000 JavaThread "Unconstrained build operations" [_thread_blocked, id=153352, stack(0x000000ccff900000,0x000000ccffa00000)]
  0x0000029ab5556800 JavaThread "Unconstrained build operations Thread 2" [_thread_blocked, id=158516, stack(0x000000ccffa00000,0x000000ccffb00000)]
  0x0000029ab5555800 JavaThread "Unconstrained build operations Thread 3" [_thread_blocked, id=135652, stack(0x000000ccffb00000,0x000000ccffc00000)]
  0x0000029ab5557800 JavaThread "Unconstrained build operations Thread 4" [_thread_blocked, id=160176, stack(0x000000ccffc00000,0x000000ccffd00000)]
  0x0000029ab5554000 JavaThread "Unconstrained build operations Thread 5" [_thread_blocked, id=129952, stack(0x000000ccffd00000,0x000000ccffe00000)]
  0x0000029ab5551800 JavaThread "Unconstrained build operations Thread 6" [_thread_blocked, id=129076, stack(0x000000ccffe00000,0x000000ccfff00000)]
  0x0000029ab5558000 JavaThread "Unconstrained build operations Thread 7" [_thread_blocked, id=2100, stack(0x000000ccfff00000,0x000000cd00000000)]
  0x0000029ab5552800 JavaThread "Unconstrained build operations Thread 8" [_thread_blocked, id=145932, stack(0x000000cc80000000,0x000000cc80100000)]
  0x0000029ab5559000 JavaThread "Unconstrained build operations Thread 9" [_thread_blocked, id=150940, stack(0x000000cc80100000,0x000000cc80200000)]
  0x0000029ab5450800 JavaThread "Unconstrained build operations Thread 10" [_thread_blocked, id=164192, stack(0x000000cc80200000,0x000000cc80300000)]
  0x0000029ab5455000 JavaThread "Unconstrained build operations Thread 11" [_thread_blocked, id=147772, stack(0x000000cc80300000,0x000000cc80400000)]
  0x0000029ab5457000 JavaThread "Unconstrained build operations Thread 12" [_thread_blocked, id=109592, stack(0x000000cc80400000,0x000000cc80500000)]
  0x0000029ab5456000 JavaThread "Unconstrained build operations Thread 13" [_thread_blocked, id=152056, stack(0x000000cc80500000,0x000000cc80600000)]
  0x0000029ab5451000 JavaThread "Unconstrained build operations Thread 14" [_thread_blocked, id=496, stack(0x000000cc80600000,0x000000cc80700000)]
  0x0000029ab5457800 JavaThread "Unconstrained build operations Thread 15" [_thread_blocked, id=147128, stack(0x000000cc80700000,0x000000cc80800000)]
  0x0000029ab5452000 JavaThread "Unconstrained build operations Thread 16" [_thread_blocked, id=154388, stack(0x000000cc80800000,0x000000cc80900000)]
  0x0000029ab5458800 JavaThread "Unconstrained build operations Thread 17" [_thread_blocked, id=152720, stack(0x000000cc80900000,0x000000cc80a00000)]
  0x0000029ab5454800 JavaThread "Unconstrained build operations Thread 18" [_thread_blocked, id=161932, stack(0x000000cc80a00000,0x000000cc80b00000)]
  0x0000029ab5452800 JavaThread "Unconstrained build operations Thread 19" [_thread_blocked, id=127640, stack(0x000000cc80b00000,0x000000cc80c00000)]
  0x0000029ab5459800 JavaThread "Unconstrained build operations Thread 20" [_thread_blocked, id=146040, stack(0x000000cc80c00000,0x000000cc80d00000)]
  0x0000029ab5453800 JavaThread "Unconstrained build operations Thread 21" [_thread_blocked, id=151656, stack(0x000000cc80d00000,0x000000cc80e00000)]
  0x0000029ab545a000 JavaThread "Unconstrained build operations Thread 22" [_thread_blocked, id=163816, stack(0x000000cc80e00000,0x000000cc80f00000)]
  0x0000029ab545f000 JavaThread "Unconstrained build operations Thread 23" [_thread_blocked, id=156600, stack(0x000000cc80f00000,0x000000cc81000000)]
  0x0000029ab545b000 JavaThread "Unconstrained build operations Thread 24" [_thread_blocked, id=138416, stack(0x000000cc81000000,0x000000cc81100000)]
  0x0000029ab545b800 JavaThread "Unconstrained build operations Thread 25" [_thread_blocked, id=157180, stack(0x000000cc81100000,0x000000cc81200000)]
  0x0000029ab545e000 JavaThread "Unconstrained build operations Thread 26" [_thread_blocked, id=163496, stack(0x000000cc81200000,0x000000cc81300000)]
  0x0000029ab545c800 JavaThread "Unconstrained build operations Thread 27" [_thread_blocked, id=121156, stack(0x000000cc81300000,0x000000cc81400000)]
  0x0000029ab545d800 JavaThread "Unconstrained build operations Thread 28" [_thread_blocked, id=159916, stack(0x000000cc81400000,0x000000cc81500000)]
  0x0000029ab8cdc000 JavaThread "Unconstrained build operations Thread 29" [_thread_blocked, id=18828, stack(0x000000cc81500000,0x000000cc81600000)]
  0x0000029ab8cd9800 JavaThread "Unconstrained build operations Thread 30" [_thread_blocked, id=164240, stack(0x000000cc81600000,0x000000cc81700000)]
  0x0000029ab8cdc800 JavaThread "Unconstrained build operations Thread 31" [_thread_blocked, id=163960, stack(0x000000cc81700000,0x000000cc81800000)]
  0x0000029ab8cdd800 JavaThread "Unconstrained build operations Thread 32" [_thread_blocked, id=159064, stack(0x000000cc81800000,0x000000cc81900000)]
  0x0000029ab8cde800 JavaThread "Unconstrained build operations Thread 33" [_thread_blocked, id=143604, stack(0x000000cc81900000,0x000000cc81a00000)]
  0x0000029ab8cdf000 JavaThread "Unconstrained build operations Thread 34" [_thread_blocked, id=149236, stack(0x000000cc81a00000,0x000000cc81b00000)]
  0x0000029ab8ce0000 JavaThread "Unconstrained build operations Thread 35" [_thread_blocked, id=122792, stack(0x000000cc81b00000,0x000000cc81c00000)]
  0x0000029ab8cda000 JavaThread "Unconstrained build operations Thread 36" [_thread_blocked, id=146520, stack(0x000000cc81c00000,0x000000cc81d00000)]
  0x0000029ab8ce1000 JavaThread "Unconstrained build operations Thread 37" [_thread_blocked, id=136144, stack(0x000000cc81d00000,0x000000cc81e00000)]
  0x0000029ab8cdb000 JavaThread "Unconstrained build operations Thread 38" [_thread_blocked, id=129416, stack(0x000000cc81e00000,0x000000cc81f00000)]
  0x0000029ab8ce5000 JavaThread "Unconstrained build operations Thread 39" [_thread_blocked, id=161972, stack(0x000000cc81f00000,0x000000cc82000000)]
  0x0000029ab8ce3000 JavaThread "Unconstrained build operations Thread 40" [_thread_blocked, id=122500, stack(0x000000cc82000000,0x000000cc82100000)]
  0x0000029ab8ce2800 JavaThread "Unconstrained build operations Thread 41" [_thread_blocked, id=152152, stack(0x000000cc82100000,0x000000cc82200000)]
  0x0000029ab8ce4000 JavaThread "Unconstrained build operations Thread 42" [_thread_blocked, id=164868, stack(0x000000cc82200000,0x000000cc82300000)]
  0x0000029ab8ce7800 JavaThread "Unconstrained build operations Thread 43" [_thread_blocked, id=164872, stack(0x000000cc82300000,0x000000cc82400000)]
  0x0000029ab8ce1800 JavaThread "Unconstrained build operations Thread 44" [_thread_blocked, id=164876, stack(0x000000cc82400000,0x000000cc82500000)]
  0x0000029ab8ce5800 JavaThread "Unconstrained build operations Thread 45" [_thread_blocked, id=164880, stack(0x000000cc82500000,0x000000cc82600000)]
  0x0000029ab8ce6800 JavaThread "Unconstrained build operations Thread 46" [_thread_blocked, id=164884, stack(0x000000cc82600000,0x000000cc82700000)]
  0x0000029ab8ce8000 JavaThread "Unconstrained build operations Thread 47" [_thread_blocked, id=164888, stack(0x000000cc82700000,0x000000cc82800000)]
  0x0000029ab75cb000 JavaThread "Unconstrained build operations Thread 48" [_thread_blocked, id=164892, stack(0x000000cc82800000,0x000000cc82900000)]
  0x0000029ab75c9000 JavaThread "Unconstrained build operations Thread 49" [_thread_blocked, id=164896, stack(0x000000cc82900000,0x000000cc82a00000)]
  0x0000029ab75c7000 JavaThread "Unconstrained build operations Thread 50" [_thread_blocked, id=164900, stack(0x000000cc82a00000,0x000000cc82b00000)]
  0x0000029ab75cc000 JavaThread "Unconstrained build operations Thread 51" [_thread_blocked, id=164904, stack(0x000000cc82b00000,0x000000cc82c00000)]
  0x0000029ab75ca800 JavaThread "Unconstrained build operations Thread 52" [_thread_blocked, id=164908, stack(0x000000cc82c00000,0x000000cc82d00000)]
  0x0000029ab75c8000 JavaThread "Unconstrained build operations Thread 53" [_thread_blocked, id=164912, stack(0x000000cc82d00000,0x000000cc82e00000)]
  0x0000029ab75cf800 JavaThread "Unconstrained build operations Thread 54" [_thread_blocked, id=164916, stack(0x000000cc82e00000,0x000000cc82f00000)]
  0x0000029ab75ce800 JavaThread "Unconstrained build operations Thread 55" [_thread_blocked, id=164920, stack(0x000000cc82f00000,0x000000cc83000000)]
  0x0000029ab75cd000 JavaThread "Unconstrained build operations Thread 56" [_thread_blocked, id=164924, stack(0x000000cc83000000,0x000000cc83100000)]
  0x0000029ab75cd800 JavaThread "Unconstrained build operations Thread 57" [_thread_blocked, id=164928, stack(0x000000cc83100000,0x000000cc83200000)]
  0x0000029ab75c9800 JavaThread "Unconstrained build operations Thread 58" [_thread_blocked, id=164932, stack(0x000000cc83200000,0x000000cc83300000)]
  0x0000029ab75d3800 JavaThread "Unconstrained build operations Thread 59" [_thread_blocked, id=164936, stack(0x000000cc83300000,0x000000cc83400000)]
  0x0000029ab75d4000 JavaThread "Unconstrained build operations Thread 60" [_thread_blocked, id=164940, stack(0x000000cc83400000,0x000000cc83500000)]
  0x0000029ab75d0000 JavaThread "Unconstrained build operations Thread 61" [_thread_blocked, id=164944, stack(0x000000cc83500000,0x000000cc83600000)]
  0x0000029ab75d5000 JavaThread "Unconstrained build operations Thread 62" [_thread_blocked, id=164948, stack(0x000000cc83600000,0x000000cc83700000)]
  0x0000029ab75d6000 JavaThread "Unconstrained build operations Thread 63" [_thread_blocked, id=164952, stack(0x000000cc83700000,0x000000cc83800000)]
  0x0000029ab75d1000 JavaThread "Unconstrained build operations Thread 64" [_thread_blocked, id=164956, stack(0x000000cc83800000,0x000000cc83900000)]
  0x0000029ab75d2000 JavaThread "Unconstrained build operations Thread 65" [_thread_blocked, id=164960, stack(0x000000cc83900000,0x000000cc83a00000)]
  0x0000029ab75d2800 JavaThread "Unconstrained build operations Thread 66" [_thread_blocked, id=164964, stack(0x000000cc83a00000,0x000000cc83b00000)]
  0x0000029ab89cc800 JavaThread "Unconstrained build operations Thread 67" [_thread_blocked, id=164968, stack(0x000000cc83b00000,0x000000cc83c00000)]
  0x0000029ab89cd000 JavaThread "Unconstrained build operations Thread 68" [_thread_blocked, id=164972, stack(0x000000cc83c00000,0x000000cc83d00000)]
  0x0000029ab89cf800 JavaThread "Unconstrained build operations Thread 69" [_thread_blocked, id=164976, stack(0x000000cc83d00000,0x000000cc83e00000)]
  0x0000029ab89ce000 JavaThread "Unconstrained build operations Thread 70" [_thread_blocked, id=164980, stack(0x000000cc83e00000,0x000000cc83f00000)]
  0x0000029ab89cf000 JavaThread "Unconstrained build operations Thread 71" [_thread_blocked, id=164984, stack(0x000000cc83f00000,0x000000cc84000000)]
  0x0000029ab89cb800 JavaThread "Unconstrained build operations Thread 72" [_thread_blocked, id=164988, stack(0x000000cc84000000,0x000000cc84100000)]
  0x0000029ab89d6000 JavaThread "Unconstrained build operations Thread 73" [_thread_blocked, id=164992, stack(0x000000cc84100000,0x000000cc84200000)]
  0x0000029ab89d3000 JavaThread "Unconstrained build operations Thread 74" [_thread_blocked, id=164996, stack(0x000000cc84200000,0x000000cc84300000)]
  0x0000029ab89d5800 JavaThread "Unconstrained build operations Thread 75" [_thread_blocked, id=165000, stack(0x000000cc84300000,0x000000cc84400000)]
  0x0000029ab89d3800 JavaThread "Unconstrained build operations Thread 76" [_thread_blocked, id=165004, stack(0x000000cc84400000,0x000000cc84500000)]
  0x0000029ab89d2000 JavaThread "Unconstrained build operations Thread 77" [_thread_blocked, id=165008, stack(0x000000cc84500000,0x000000cc84600000)]
  0x0000029ab89d0800 JavaThread "Unconstrained build operations Thread 78" [_thread_blocked, id=165012, stack(0x000000cc84600000,0x000000cc84700000)]
  0x0000029ab89d4800 JavaThread "Unconstrained build operations Thread 79" [_thread_blocked, id=165016, stack(0x000000cc84700000,0x000000cc84800000)]
  0x0000029ab89d7000 JavaThread "Unconstrained build operations Thread 80" [_thread_blocked, id=165020, stack(0x000000cc84800000,0x000000cc84900000)]
  0x0000029ab89d1800 JavaThread "jar transforms Thread 6" [_thread_blocked, id=165040, stack(0x000000cc84900000,0x000000cc84a00000)]
  0x0000029ab89da000 JavaThread "jar transforms Thread 7" [_thread_blocked, id=165044, stack(0x000000cc84a00000,0x000000cc84b00000)]
  0x0000029ab89d8000 JavaThread "jar transforms Thread 8" [_thread_blocked, id=165048, stack(0x000000cc84b00000,0x000000cc84c00000)]
  0x0000029ab89d8800 JavaThread "Memory manager" [_thread_blocked, id=165112, stack(0x000000cc84c00000,0x000000cc84d00000)]
  0x0000029ab89d9800 JavaThread "Cache worker for kotlin-dsl (C:\Users\dkmad\.gradle\caches\7.5\kotlin-dsl)" [_thread_blocked, id=165280, stack(0x000000cc84d00000,0x000000cc84e00000)]
  0x0000029abd30e800 JavaThread "included builds" [_thread_blocked, id=165600, stack(0x000000cc84e00000,0x000000cc84f00000)]
  0x0000029abd309000 JavaThread "Execution worker" [_thread_blocked, id=165624, stack(0x000000cc84f00000,0x000000cc85000000)]
  0x0000029abd30c000 JavaThread "Execution worker Thread 2" [_thread_blocked, id=165628, stack(0x000000cc85000000,0x000000cc85100000)]
  0x0000029abd30a800 JavaThread "Execution worker Thread 3" [_thread_blocked, id=165632, stack(0x000000cc85100000,0x000000cc85200000)]
  0x0000029abd30d000 JavaThread "Execution worker Thread 4" [_thread_blocked, id=165636, stack(0x000000cc85200000,0x000000cc85300000)]
  0x0000029abd30a000 JavaThread "Execution worker Thread 5" [_thread_blocked, id=165640, stack(0x000000cc85300000,0x000000cc85400000)]
  0x0000029abd30e000 JavaThread "Execution worker Thread 6" [_thread_blocked, id=165644, stack(0x000000cc85400000,0x000000cc85500000)]
  0x0000029abd30f800 JavaThread "Execution worker Thread 7" [_thread_blocked, id=165648, stack(0x000000cc85500000,0x000000cc85600000)]
  0x0000029abca22800 JavaThread "Cache worker for execution history cache (C:\flutter projects\flutter_bloc_quiz\quiz_app\android\.gradle\7.5\executionHistory)" [_thread_blocked, id=165668, stack(0x000000cc85600000,0x000000cc85700000)]
  0x0000029abca24000 JavaThread "Exec process" [_thread_in_native, id=165736, stack(0x000000cc85700000,0x000000cc85800000)]
  0x0000029abca21000 JavaThread "Exec process Thread 2" [_thread_in_native, id=165756, stack(0x000000cc85800000,0x000000cc85900000)]
  0x0000029abca20000 JavaThread "Exec process Thread 3" [_thread_in_native, id=165760, stack(0x000000cc85900000,0x000000cc85a00000)]

Other Threads:
  0x0000029ab1e9f000 VMThread "VM Thread" [stack: 0x000000ccfc800000,0x000000ccfc900000] [id=145944]
  0x0000029ab29b6800 WatcherThread [stack: 0x000000ccfd200000,0x000000ccfd300000] [id=145248]
  0x0000029a96db0000 GCTaskThread "GC Thread#0" [stack: 0x000000ccfc300000,0x000000ccfc400000] [id=156856]
  0x0000029ab2ccc800 GCTaskThread "GC Thread#1" [stack: 0x000000ccfd300000,0x000000ccfd400000] [id=163488]
  0x0000029ab3a87000 GCTaskThread "GC Thread#2" [stack: 0x000000ccfd500000,0x000000ccfd600000] [id=134792]
  0x0000029ab4bbe800 GCTaskThread "GC Thread#3" [stack: 0x000000ccfd600000,0x000000ccfd700000] [id=134476]
  0x0000029ab48b9800 GCTaskThread "GC Thread#4" [stack: 0x000000ccfe200000,0x000000ccfe300000] [id=162368]
  0x0000029ab48d2800 GCTaskThread "GC Thread#5" [stack: 0x000000ccfe300000,0x000000ccfe400000] [id=131752]
  0x0000029ab41c0000 GCTaskThread "GC Thread#6" [stack: 0x000000ccfe400000,0x000000ccfe500000] [id=152636]
  0x0000029ab41c0800 GCTaskThread "GC Thread#7" [stack: 0x000000ccfe500000,0x000000ccfe600000] [id=154980]
  0x0000029a96dd5000 ConcurrentGCThread "G1 Main Marker" [stack: 0x000000ccfc400000,0x000000ccfc500000] [id=161712]
  0x0000029a96dd7800 ConcurrentGCThread "G1 Conc#0" [stack: 0x000000ccfc500000,0x000000ccfc600000] [id=156164]
  0x0000029ab4c1d800 ConcurrentGCThread "G1 Conc#1" [stack: 0x000000ccfe900000,0x000000ccfea00000] [id=163972]
  0x0000029a96e5d800 ConcurrentGCThread "G1 Refine#0" [stack: 0x000000ccfc600000,0x000000ccfc700000] [id=132804]
  0x0000029ab38b3800 ConcurrentGCThread "G1 Refine#1" [stack: 0x000000ccfd700000,0x000000ccfd800000] [id=138772]
  0x0000029ab4054000 ConcurrentGCThread "G1 Refine#2" [stack: 0x000000ccfd800000,0x000000ccfd900000] [id=150440]
  0x0000029a96e60800 ConcurrentGCThread "G1 Young RemSet Sampling" [stack: 0x000000ccfc700000,0x000000ccfc800000] [id=154468]

Threads with active compile tasks:
C2 CompilerThread0    35015 12132       4       org.gradle.internal.logging.text.AbstractLineChoppingStyledTextOutput$1::execute (9 bytes)

VM state:not at safepoint (normal execution)

VM Mutex/Monitor currently owned by a thread: None

Heap address: 0x00000000a0000000, size: 1536 MB, Compressed Oops mode: 32-bit
Narrow klass base: 0x0000000000000000, Narrow klass shift: 3
Compressed class space size: 1073741824 Address: 0x0000000100000000

Heap:
 garbage-first heap   total 201728K, used 145403K [0x00000000a0000000, 0x0000000100000000)
  region size 1024K, 13 young (13312K), 3 survivors (3072K)
 Metaspace       used 93542K, capacity 97266K, committed 97616K, reserved 1134592K
  class space    used 12255K, capacity 13444K, committed 13568K, reserved 1048576K
Heap Regions: E=young(eden), S=young(survivor), O=old, HS=humongous(starts), HC=humongous(continues), CS=collection set, F=free, A=archive, TAMS=top-at-mark-start (previous, next)
|   0|0x00000000a0000000, 0x00000000a0100000, 0x00000000a0100000|100%| O|  |TAMS 0x00000000a0100000, 0x00000000a0000000| Untracked 
|   1|0x00000000a0100000, 0x00000000a0200000, 0x00000000a0200000|100%| O|  |TAMS 0x00000000a0200000, 0x00000000a0100000| Untracked 
|   2|0x00000000a0200000, 0x00000000a0300000, 0x00000000a0300000|100%| O|  |TAMS 0x00000000a0300000, 0x00000000a0200000| Untracked 
|   3|0x00000000a0300000, 0x00000000a0400000, 0x00000000a0400000|100%|HS|  |TAMS 0x00000000a0400000, 0x00000000a0300000| Complete 
|   4|0x00000000a0400000, 0x00000000a0500000, 0x00000000a0500000|100%|HC|  |TAMS 0x00000000a0500000, 0x00000000a0400000| Complete 
|   5|0x00000000a0500000, 0x00000000a0600000, 0x00000000a0600000|100%|HC|  |TAMS 0x00000000a0600000, 0x00000000a0500000| Complete 
|   6|0x00000000a0600000, 0x00000000a0700000, 0x00000000a0700000|100%| O|  |TAMS 0x00000000a0700000, 0x00000000a0600000| Untracked 
|   7|0x00000000a0700000, 0x00000000a0800000, 0x00000000a0800000|100%| O|  |TAMS 0x00000000a0800000, 0x00000000a0700000| Untracked 
|   8|0x00000000a0800000, 0x00000000a0900000, 0x00000000a0900000|100%| O|  |TAMS 0x00000000a0900000, 0x00000000a0800000| Untracked 
|   9|0x00000000a0900000, 0x00000000a0a00000, 0x00000000a0a00000|100%| O|  |TAMS 0x00000000a0a00000, 0x00000000a0900000| Untracked 
|  10|0x00000000a0a00000, 0x00000000a0b00000, 0x00000000a0b00000|100%| O|  |TAMS 0x00000000a0b00000, 0x00000000a0a00000| Untracked 
|  11|0x00000000a0b00000, 0x00000000a0c00000, 0x00000000a0c00000|100%| O|  |TAMS 0x00000000a0c00000, 0x00000000a0b00000| Untracked 
|  12|0x00000000a0c00000, 0x00000000a0d00000, 0x00000000a0d00000|100%| O|  |TAMS 0x00000000a0d00000, 0x00000000a0c00000| Untracked 
|  13|0x00000000a0d00000, 0x00000000a0e00000, 0x00000000a0e00000|100%| O|  |TAMS 0x00000000a0e00000, 0x00000000a0d00000| Untracked 
|  14|0x00000000a0e00000, 0x00000000a0f00000, 0x00000000a0f00000|100%| O|  |TAMS 0x00000000a0f00000, 0x00000000a0e00000| Untracked 
|  15|0x00000000a0f00000, 0x00000000a1000000, 0x00000000a1000000|100%| O|  |TAMS 0x00000000a1000000, 0x00000000a0f00000| Untracked 
|  16|0x00000000a1000000, 0x00000000a1100000, 0x00000000a1100000|100%| O|  |TAMS 0x00000000a1100000, 0x00000000a1000000| Untracked 
|  17|0x00000000a1100000, 0x00000000a1200000, 0x00000000a1200000|100%| O|  |TAMS 0x00000000a1200000, 0x00000000a1100000| Untracked 
|  18|0x00000000a1200000, 0x00000000a1300000, 0x00000000a1300000|100%| O|  |TAMS 0x00000000a1300000, 0x00000000a1200000| Untracked 
|  19|0x00000000a1300000, 0x00000000a1400000, 0x00000000a1400000|100%| O|  |TAMS 0x00000000a1400000, 0x00000000a1300000| Untracked 
|  20|0x00000000a1400000, 0x00000000a1500000, 0x00000000a1500000|100%| O|  |TAMS 0x00000000a1500000, 0x00000000a1400000| Untracked 
|  21|0x00000000a1500000, 0x00000000a1600000, 0x00000000a1600000|100%| O|  |TAMS 0x00000000a1600000, 0x00000000a1500000| Untracked 
|  22|0x00000000a1600000, 0x00000000a1700000, 0x00000000a1700000|100%| O|  |TAMS 0x00000000a1700000, 0x00000000a1600000| Untracked 
|  23|0x00000000a1700000, 0x00000000a1800000, 0x00000000a1800000|100%| O|  |TAMS 0x00000000a1800000, 0x00000000a1700000| Untracked 
|  24|0x00000000a1800000, 0x00000000a1900000, 0x00000000a1900000|100%| O|  |TAMS 0x00000000a1900000, 0x00000000a1800000| Untracked 
|  25|0x00000000a1900000, 0x00000000a1a00000, 0x00000000a1a00000|100%| O|  |TAMS 0x00000000a1a00000, 0x00000000a1900000| Untracked 
|  26|0x00000000a1a00000, 0x00000000a1b00000, 0x00000000a1b00000|100%| O|  |TAMS 0x00000000a1b00000, 0x00000000a1a00000| Untracked 
|  27|0x00000000a1b00000, 0x00000000a1c00000, 0x00000000a1c00000|100%| O|  |TAMS 0x00000000a1c00000, 0x00000000a1b00000| Untracked 
|  28|0x00000000a1c00000, 0x00000000a1d00000, 0x00000000a1d00000|100%| O|  |TAMS 0x00000000a1d00000, 0x00000000a1c00000| Untracked 
|  29|0x00000000a1d00000, 0x00000000a1e00000, 0x00000000a1e00000|100%|HS|  |TAMS 0x00000000a1e00000, 0x00000000a1d00000| Complete 
|  30|0x00000000a1e00000, 0x00000000a1f00000, 0x00000000a1f00000|100%|HS|  |TAMS 0x00000000a1f00000, 0x00000000a1e00000| Complete 
|  31|0x00000000a1f00000, 0x00000000a2000000, 0x00000000a2000000|100%|HS|  |TAMS 0x00000000a2000000, 0x00000000a1f00000| Complete 
|  32|0x00000000a2000000, 0x00000000a2100000, 0x00000000a2100000|100%|HS|  |TAMS 0x00000000a2100000, 0x00000000a2000000| Complete 
|  33|0x00000000a2100000, 0x00000000a2200000, 0x00000000a2200000|100%|HC|  |TAMS 0x00000000a2200000, 0x00000000a2100000| Complete 
|  34|0x00000000a2200000, 0x00000000a2300000, 0x00000000a2300000|100%|HC|  |TAMS 0x00000000a2300000, 0x00000000a2200000| Complete 
|  35|0x00000000a2300000, 0x00000000a2400000, 0x00000000a2400000|100%|HS|  |TAMS 0x00000000a2400000, 0x00000000a2300000| Complete 
|  36|0x00000000a2400000, 0x00000000a2500000, 0x00000000a2500000|100%|HC|  |TAMS 0x00000000a2500000, 0x00000000a2400000| Complete 
|  37|0x00000000a2500000, 0x00000000a2600000, 0x00000000a2600000|100%| O|  |TAMS 0x00000000a2600000, 0x00000000a2500000| Untracked 
|  38|0x00000000a2600000, 0x00000000a2700000, 0x00000000a2700000|100%| O|  |TAMS 0x00000000a2700000, 0x00000000a2600000| Untracked 
|  39|0x00000000a2700000, 0x00000000a2800000, 0x00000000a2800000|100%| O|  |TAMS 0x00000000a2800000, 0x00000000a2700000| Untracked 
|  40|0x00000000a2800000, 0x00000000a2900000, 0x00000000a2900000|100%| O|  |TAMS 0x00000000a2900000, 0x00000000a2800000| Untracked 
|  41|0x00000000a2900000, 0x00000000a2a00000, 0x00000000a2a00000|100%| O|  |TAMS 0x00000000a2a00000, 0x00000000a2900000| Untracked 
|  42|0x00000000a2a00000, 0x00000000a2b00000, 0x00000000a2b00000|100%| O|  |TAMS 0x00000000a2b00000, 0x00000000a2a00000| Untracked 
|  43|0x00000000a2b00000, 0x00000000a2c00000, 0x00000000a2c00000|100%| O|  |TAMS 0x00000000a2c00000, 0x00000000a2b00000| Untracked 
|  44|0x00000000a2c00000, 0x00000000a2d00000, 0x00000000a2d00000|100%| O|  |TAMS 0x00000000a2d00000, 0x00000000a2c00000| Untracked 
|  45|0x00000000a2d00000, 0x00000000a2e00000, 0x00000000a2e00000|100%| O|  |TAMS 0x00000000a2e00000, 0x00000000a2d00000| Untracked 
|  46|0x00000000a2e00000, 0x00000000a2f00000, 0x00000000a2f00000|100%| O|  |TAMS 0x00000000a2f00000, 0x00000000a2e00000| Untracked 
|  47|0x00000000a2f00000, 0x00000000a3000000, 0x00000000a3000000|100%| O|  |TAMS 0x00000000a3000000, 0x00000000a2f00000| Untracked 
|  48|0x00000000a3000000, 0x00000000a3100000, 0x00000000a3100000|100%| O|  |TAMS 0x00000000a3100000, 0x00000000a3000000| Untracked 
|  49|0x00000000a3100000, 0x00000000a3200000, 0x00000000a3200000|100%| O|  |TAMS 0x00000000a3200000, 0x00000000a3100000| Untracked 
|  50|0x00000000a3200000, 0x00000000a3300000, 0x00000000a3300000|100%| O|  |TAMS 0x00000000a3300000, 0x00000000a3200000| Untracked 
|  51|0x00000000a3300000, 0x00000000a3400000, 0x00000000a3400000|100%| O|  |TAMS 0x00000000a3400000, 0x00000000a3300000| Untracked 
|  52|0x00000000a3400000, 0x00000000a3500000, 0x00000000a3500000|100%| O|  |TAMS 0x00000000a3500000, 0x00000000a3400000| Untracked 
|  53|0x00000000a3500000, 0x00000000a3600000, 0x00000000a3600000|100%| O|  |TAMS 0x00000000a3600000, 0x00000000a3500000| Untracked 
|  54|0x00000000a3600000, 0x00000000a3700000, 0x00000000a3700000|100%| O|  |TAMS 0x00000000a3700000, 0x00000000a3600000| Untracked 
|  55|0x00000000a3700000, 0x00000000a3800000, 0x00000000a3800000|100%| O|  |TAMS 0x00000000a3800000, 0x00000000a3700000| Untracked 
|  56|0x00000000a3800000, 0x00000000a3900000, 0x00000000a3900000|100%| O|  |TAMS 0x00000000a3900000, 0x00000000a3800000| Untracked 
|  57|0x00000000a3900000, 0x00000000a3a00000, 0x00000000a3a00000|100%| O|  |TAMS 0x00000000a3a00000, 0x00000000a3900000| Untracked 
|  58|0x00000000a3a00000, 0x00000000a3b00000, 0x00000000a3b00000|100%| O|  |TAMS 0x00000000a3b00000, 0x00000000a3a00000| Untracked 
|  59|0x00000000a3b00000, 0x00000000a3c00000, 0x00000000a3c00000|100%|HS|  |TAMS 0x00000000a3c00000, 0x00000000a3b00000| Complete 
|  60|0x00000000a3c00000, 0x00000000a3d00000, 0x00000000a3d00000|100%|HS|  |TAMS 0x00000000a3d00000, 0x00000000a3c00000| Complete 
|  61|0x00000000a3d00000, 0x00000000a3e00000, 0x00000000a3e00000|100%| O|  |TAMS 0x00000000a3e00000, 0x00000000a3d00000| Untracked 
|  62|0x00000000a3e00000, 0x00000000a3f00000, 0x00000000a3f00000|100%| O|  |TAMS 0x00000000a3f00000, 0x00000000a3e00000| Untracked 
|  63|0x00000000a3f00000, 0x00000000a4000000, 0x00000000a4000000|100%| O|  |TAMS 0x00000000a4000000, 0x00000000a3f00000| Untracked 
|  64|0x00000000a4000000, 0x00000000a4100000, 0x00000000a4100000|100%| O|  |TAMS 0x00000000a4100000, 0x00000000a4000000| Untracked 
|  65|0x00000000a4100000, 0x00000000a4200000, 0x00000000a4200000|100%| O|  |TAMS 0x00000000a4200000, 0x00000000a4100000| Untracked 
|  66|0x00000000a4200000, 0x00000000a4300000, 0x00000000a4300000|100%| O|  |TAMS 0x00000000a4300000, 0x00000000a4200000| Untracked 
|  67|0x00000000a4300000, 0x00000000a4400000, 0x00000000a4400000|100%| O|  |TAMS 0x00000000a4400000, 0x00000000a4300000| Untracked 
|  68|0x00000000a4400000, 0x00000000a4500000, 0x00000000a4500000|100%| O|  |TAMS 0x00000000a4500000, 0x00000000a4400000| Untracked 
|  69|0x00000000a4500000, 0x00000000a4600000, 0x00000000a4600000|100%| O|  |TAMS 0x00000000a4600000, 0x00000000a4500000| Untracked 
|  70|0x00000000a4600000, 0x00000000a4700000, 0x00000000a4700000|100%| O|  |TAMS 0x00000000a4700000, 0x00000000a4600000| Untracked 
|  71|0x00000000a4700000, 0x00000000a4800000, 0x00000000a4800000|100%| O|  |TAMS 0x00000000a4800000, 0x00000000a4700000| Untracked 
|  72|0x00000000a4800000, 0x00000000a4900000, 0x00000000a4900000|100%| O|  |TAMS 0x00000000a4900000, 0x00000000a4800000| Untracked 
|  73|0x00000000a4900000, 0x00000000a4a00000, 0x00000000a4a00000|100%| O|  |TAMS 0x00000000a4a00000, 0x00000000a4900000| Untracked 
|  74|0x00000000a4a00000, 0x00000000a4b00000, 0x00000000a4b00000|100%| O|  |TAMS 0x00000000a4b00000, 0x00000000a4a00000| Untracked 
|  75|0x00000000a4b00000, 0x00000000a4c00000, 0x00000000a4c00000|100%| O|  |TAMS 0x00000000a4c00000, 0x00000000a4b00000| Untracked 
|  76|0x00000000a4c00000, 0x00000000a4d00000, 0x00000000a4d00000|100%| O|  |TAMS 0x00000000a4d00000, 0x00000000a4c00000| Untracked 
|  77|0x00000000a4d00000, 0x00000000a4e00000, 0x00000000a4e00000|100%| O|  |TAMS 0x00000000a4e00000, 0x00000000a4d00000| Untracked 
|  78|0x00000000a4e00000, 0x00000000a4f00000, 0x00000000a4f00000|100%| O|  |TAMS 0x00000000a4f00000, 0x00000000a4e00000| Untracked 
|  79|0x00000000a4f00000, 0x00000000a5000000, 0x00000000a5000000|100%| O|  |TAMS 0x00000000a5000000, 0x00000000a4f00000| Untracked 
|  80|0x00000000a5000000, 0x00000000a5100000, 0x00000000a5100000|100%|HS|  |TAMS 0x00000000a5100000, 0x00000000a5000000| Complete 
|  81|0x00000000a5100000, 0x00000000a5200000, 0x00000000a5200000|100%|HS|  |TAMS 0x00000000a5200000, 0x00000000a5100000| Complete 
|  82|0x00000000a5200000, 0x00000000a5300000, 0x00000000a5300000|100%| O|  |TAMS 0x00000000a5300000, 0x00000000a5200000| Untracked 
|  83|0x00000000a5300000, 0x00000000a5400000, 0x00000000a5400000|100%| O|  |TAMS 0x00000000a5400000, 0x00000000a5300000| Untracked 
|  84|0x00000000a5400000, 0x00000000a5500000, 0x00000000a5500000|100%| O|  |TAMS 0x00000000a5500000, 0x00000000a5400000| Untracked 
|  85|0x00000000a5500000, 0x00000000a5600000, 0x00000000a5600000|100%| O|  |TAMS 0x00000000a5600000, 0x00000000a5500000| Untracked 
|  86|0x00000000a5600000, 0x00000000a5700000, 0x00000000a5700000|100%| O|  |TAMS 0x00000000a5700000, 0x00000000a5600000| Untracked 
|  87|0x00000000a5700000, 0x00000000a5800000, 0x00000000a5800000|100%| O|  |TAMS 0x00000000a5800000, 0x00000000a5700000| Untracked 
|  88|0x00000000a5800000, 0x00000000a5900000, 0x00000000a5900000|100%| O|  |TAMS 0x00000000a5900000, 0x00000000a5800000| Untracked 
|  89|0x00000000a5900000, 0x00000000a5a00000, 0x00000000a5a00000|100%| O|  |TAMS 0x00000000a5a00000, 0x00000000a5900000| Untracked 
|  90|0x00000000a5a00000, 0x00000000a5b00000, 0x00000000a5b00000|100%| O|  |TAMS 0x00000000a5b00000, 0x00000000a5a00000| Untracked 
|  91|0x00000000a5b00000, 0x00000000a5c00000, 0x00000000a5c00000|100%| O|  |TAMS 0x00000000a5c00000, 0x00000000a5b00000| Untracked 
|  92|0x00000000a5c00000, 0x00000000a5d00000, 0x00000000a5d00000|100%| O|  |TAMS 0x00000000a5d00000, 0x00000000a5c00000| Untracked 
|  93|0x00000000a5d00000, 0x00000000a5e00000, 0x00000000a5e00000|100%| O|  |TAMS 0x00000000a5e00000, 0x00000000a5d00000| Untracked 
|  94|0x00000000a5e00000, 0x00000000a5f00000, 0x00000000a5f00000|100%| O|  |TAMS 0x00000000a5f00000, 0x00000000a5e00000| Untracked 
|  95|0x00000000a5f00000, 0x00000000a6000000, 0x00000000a6000000|100%| O|  |TAMS 0x00000000a6000000, 0x00000000a5f00000| Untracked 
|  96|0x00000000a6000000, 0x00000000a6100000, 0x00000000a6100000|100%| O|  |TAMS 0x00000000a6100000, 0x00000000a6000000| Untracked 
|  97|0x00000000a6100000, 0x00000000a6200000, 0x00000000a6200000|100%|HS|  |TAMS 0x00000000a6200000, 0x00000000a6100000| Complete 
|  98|0x00000000a6200000, 0x00000000a6300000, 0x00000000a6300000|100%|HC|  |TAMS 0x00000000a6300000, 0x00000000a6200000| Complete 
|  99|0x00000000a6300000, 0x00000000a6400000, 0x00000000a6400000|100%|HS|  |TAMS 0x00000000a6400000, 0x00000000a6300000| Complete 
| 100|0x00000000a6400000, 0x00000000a6500000, 0x00000000a6500000|100%| O|  |TAMS 0x00000000a6500000, 0x00000000a6400000| Untracked 
| 101|0x00000000a6500000, 0x00000000a6600000, 0x00000000a6600000|100%| O|  |TAMS 0x00000000a6600000, 0x00000000a6500000| Untracked 
| 102|0x00000000a6600000, 0x00000000a6700000, 0x00000000a6700000|100%| O|  |TAMS 0x00000000a6700000, 0x00000000a6600000| Untracked 
| 103|0x00000000a6700000, 0x00000000a6800000, 0x00000000a6800000|100%| O|  |TAMS 0x00000000a6800000, 0x00000000a6700000| Untracked 
| 104|0x00000000a6800000, 0x00000000a6900000, 0x00000000a6900000|100%| O|  |TAMS 0x00000000a6900000, 0x00000000a6800000| Untracked 
| 105|0x00000000a6900000, 0x00000000a6a00000, 0x00000000a6a00000|100%| O|  |TAMS 0x00000000a6a00000, 0x00000000a6900000| Untracked 
| 106|0x00000000a6a00000, 0x00000000a6b00000, 0x00000000a6b00000|100%| O|  |TAMS 0x00000000a6b00000, 0x00000000a6a00000| Untracked 
| 107|0x00000000a6b00000, 0x00000000a6c00000, 0x00000000a6c00000|100%| O|  |TAMS 0x00000000a6c00000, 0x00000000a6b00000| Untracked 
| 108|0x00000000a6c00000, 0x00000000a6d00000, 0x00000000a6d00000|100%| O|  |TAMS 0x00000000a6d00000, 0x00000000a6c00000| Untracked 
| 109|0x00000000a6d00000, 0x00000000a6e00000, 0x00000000a6e00000|100%| O|  |TAMS 0x00000000a6e00000, 0x00000000a6d00000| Untracked 
| 110|0x00000000a6e00000, 0x00000000a6f00000, 0x00000000a6f00000|100%| O|  |TAMS 0x00000000a6f00000, 0x00000000a6e00000| Untracked 
| 111|0x00000000a6f00000, 0x00000000a7000000, 0x00000000a7000000|100%| O|  |TAMS 0x00000000a7000000, 0x00000000a6f00000| Untracked 
| 112|0x00000000a7000000, 0x00000000a7100000, 0x00000000a7100000|100%| O|  |TAMS 0x00000000a7100000, 0x00000000a7000000| Untracked 
| 113|0x00000000a7100000, 0x00000000a7200000, 0x00000000a7200000|100%| O|  |TAMS 0x00000000a7200000, 0x00000000a7100000| Untracked 
| 114|0x00000000a7200000, 0x00000000a7300000, 0x00000000a7300000|100%| O|  |TAMS 0x00000000a7300000, 0x00000000a7200000| Untracked 
| 115|0x00000000a7300000, 0x00000000a7400000, 0x00000000a7400000|100%| O|  |TAMS 0x00000000a7400000, 0x00000000a7300000| Untracked 
| 116|0x00000000a7400000, 0x00000000a7500000, 0x00000000a7500000|100%| O|  |TAMS 0x00000000a7500000, 0x00000000a7400000| Untracked 
| 117|0x00000000a7500000, 0x00000000a7600000, 0x00000000a7600000|100%| O|  |TAMS 0x00000000a7600000, 0x00000000a7500000| Untracked 
| 118|0x00000000a7600000, 0x00000000a7700000, 0x00000000a7700000|100%| O|  |TAMS 0x00000000a7700000, 0x00000000a7600000| Untracked 
| 119|0x00000000a7700000, 0x00000000a7800000, 0x00000000a7800000|100%| O|  |TAMS 0x00000000a7800000, 0x00000000a7700000| Untracked 
| 120|0x00000000a7800000, 0x00000000a7900000, 0x00000000a7900000|100%| O|  |TAMS 0x00000000a7900000, 0x00000000a7800000| Untracked 
| 121|0x00000000a7900000, 0x00000000a7a00000, 0x00000000a7a00000|100%| O|  |TAMS 0x00000000a7a00000, 0x00000000a7900000| Untracked 
| 122|0x00000000a7a00000, 0x00000000a7b00000, 0x00000000a7b00000|100%| O|  |TAMS 0x00000000a7b00000, 0x00000000a7a00000| Untracked 
| 123|0x00000000a7b00000, 0x00000000a7c00000, 0x00000000a7c00000|100%| O|  |TAMS 0x00000000a7c00000, 0x00000000a7b00000| Untracked 
| 124|0x00000000a7c00000, 0x00000000a7d00000, 0x00000000a7d00000|100%| O|  |TAMS 0x00000000a7d00000, 0x00000000a7c00000| Untracked 
| 125|0x00000000a7d00000, 0x00000000a7e00000, 0x00000000a7e00000|100%| O|  |TAMS 0x00000000a7e00000, 0x00000000a7d00000| Untracked 
| 126|0x00000000a7e00000, 0x00000000a7f00000, 0x00000000a7f00000|100%| O|  |TAMS 0x00000000a7f00000, 0x00000000a7e00000| Untracked 
| 127|0x00000000a7f00000, 0x00000000a8000000, 0x00000000a8000000|100%| O|  |TAMS 0x00000000a8000000, 0x00000000a7f00000| Untracked 
| 128|0x00000000a8000000, 0x00000000a8100000, 0x00000000a8100000|100%| O|  |TAMS 0x00000000a8100000, 0x00000000a8000000| Untracked 
| 129|0x00000000a8100000, 0x00000000a8200000, 0x00000000a8200000|100%| O|  |TAMS 0x00000000a8200000, 0x00000000a8100000| Untracked 
| 130|0x00000000a8200000, 0x00000000a8248e00, 0x00000000a8300000| 28%| O|  |TAMS 0x00000000a8248e00, 0x00000000a8200000| Untracked 
| 131|0x00000000a8300000, 0x00000000a8300000, 0x00000000a8400000|  0%| F|  |TAMS 0x00000000a8300000, 0x00000000a8300000| Untracked 
| 132|0x00000000a8400000, 0x00000000a8400000, 0x00000000a8500000|  0%| F|  |TAMS 0x00000000a8400000, 0x00000000a8400000| Untracked 
| 133|0x00000000a8500000, 0x00000000a8500000, 0x00000000a8600000|  0%| F|  |TAMS 0x00000000a8500000, 0x00000000a8500000| Untracked 
| 134|0x00000000a8600000, 0x00000000a8600000, 0x00000000a8700000|  0%| F|  |TAMS 0x00000000a8600000, 0x00000000a8600000| Untracked 
| 135|0x00000000a8700000, 0x00000000a8700000, 0x00000000a8800000|  0%| F|  |TAMS 0x00000000a8700000, 0x00000000a8700000| Untracked 
| 136|0x00000000a8800000, 0x00000000a8800000, 0x00000000a8900000|  0%| F|  |TAMS 0x00000000a8800000, 0x00000000a8800000| Untracked 
| 137|0x00000000a8900000, 0x00000000a8900000, 0x00000000a8a00000|  0%| F|  |TAMS 0x00000000a8900000, 0x00000000a8900000| Untracked 
| 138|0x00000000a8a00000, 0x00000000a8a00000, 0x00000000a8b00000|  0%| F|  |TAMS 0x00000000a8a00000, 0x00000000a8a00000| Untracked 
| 139|0x00000000a8b00000, 0x00000000a8b00000, 0x00000000a8c00000|  0%| F|  |TAMS 0x00000000a8b00000, 0x00000000a8b00000| Untracked 
| 140|0x00000000a8c00000, 0x00000000a8c00000, 0x00000000a8d00000|  0%| F|  |TAMS 0x00000000a8c00000, 0x00000000a8c00000| Untracked 
| 141|0x00000000a8d00000, 0x00000000a8d00000, 0x00000000a8e00000|  0%| F|  |TAMS 0x00000000a8d00000, 0x00000000a8d00000| Untracked 
| 142|0x00000000a8e00000, 0x00000000a8e00000, 0x00000000a8f00000|  0%| F|  |TAMS 0x00000000a8e00000, 0x00000000a8e00000| Untracked 
| 143|0x00000000a8f00000, 0x00000000a8f00000, 0x00000000a9000000|  0%| F|  |TAMS 0x00000000a8f00000, 0x00000000a8f00000| Untracked 
| 144|0x00000000a9000000, 0x00000000a9000000, 0x00000000a9100000|  0%| F|  |TAMS 0x00000000a9000000, 0x00000000a9000000| Untracked 
| 145|0x00000000a9100000, 0x00000000a9100000, 0x00000000a9200000|  0%| F|  |TAMS 0x00000000a9100000, 0x00000000a9100000| Untracked 
| 146|0x00000000a9200000, 0x00000000a9200000, 0x00000000a9300000|  0%| F|  |TAMS 0x00000000a9200000, 0x00000000a9200000| Untracked 
| 147|0x00000000a9300000, 0x00000000a9300000, 0x00000000a9400000|  0%| F|  |TAMS 0x00000000a9300000, 0x00000000a9300000| Untracked 
| 148|0x00000000a9400000, 0x00000000a9400000, 0x00000000a9500000|  0%| F|  |TAMS 0x00000000a9400000, 0x00000000a9400000| Untracked 
| 149|0x00000000a9500000, 0x00000000a9500000, 0x00000000a9600000|  0%| F|  |TAMS 0x00000000a9500000, 0x00000000a9500000| Untracked 
| 150|0x00000000a9600000, 0x00000000a9600000, 0x00000000a9700000|  0%| F|  |TAMS 0x00000000a9600000, 0x00000000a9600000| Untracked 
| 151|0x00000000a9700000, 0x00000000a9700000, 0x00000000a9800000|  0%| F|  |TAMS 0x00000000a9700000, 0x00000000a9700000| Untracked 
| 152|0x00000000a9800000, 0x00000000a9800000, 0x00000000a9900000|  0%| F|  |TAMS 0x00000000a9800000, 0x00000000a9800000| Untracked 
| 153|0x00000000a9900000, 0x00000000a9900000, 0x00000000a9a00000|  0%| F|  |TAMS 0x00000000a9900000, 0x00000000a9900000| Untracked 
| 154|0x00000000a9a00000, 0x00000000a9a00000, 0x00000000a9b00000|  0%| F|  |TAMS 0x00000000a9a00000, 0x00000000a9a00000| Untracked 
| 155|0x00000000a9b00000, 0x00000000a9b00000, 0x00000000a9c00000|  0%| F|  |TAMS 0x00000000a9b00000, 0x00000000a9b00000| Untracked 
| 156|0x00000000a9c00000, 0x00000000a9c00000, 0x00000000a9d00000|  0%| F|  |TAMS 0x00000000a9c00000, 0x00000000a9c00000| Untracked 
| 157|0x00000000a9d00000, 0x00000000a9d00000, 0x00000000a9e00000|  0%| F|  |TAMS 0x00000000a9d00000, 0x00000000a9d00000| Untracked 
| 158|0x00000000a9e00000, 0x00000000a9e00000, 0x00000000a9f00000|  0%| F|  |TAMS 0x00000000a9e00000, 0x00000000a9e00000| Untracked 
| 159|0x00000000a9f00000, 0x00000000a9fb5e78, 0x00000000aa000000| 71%| S|CS|TAMS 0x00000000a9f00000, 0x00000000a9f00000| Complete 
| 160|0x00000000aa000000, 0x00000000aa000000, 0x00000000aa100000|  0%| F|  |TAMS 0x00000000aa000000, 0x00000000aa000000| Untracked 
| 161|0x00000000aa100000, 0x00000000aa100000, 0x00000000aa200000|  0%| F|  |TAMS 0x00000000aa100000, 0x00000000aa100000| Untracked 
| 162|0x00000000aa200000, 0x00000000aa200000, 0x00000000aa300000|  0%| F|  |TAMS 0x00000000aa200000, 0x00000000aa200000| Untracked 
| 163|0x00000000aa300000, 0x00000000aa300000, 0x00000000aa400000|  0%| F|  |TAMS 0x00000000aa300000, 0x00000000aa300000| Untracked 
| 164|0x00000000aa400000, 0x00000000aa500000, 0x00000000aa500000|100%| S|CS|TAMS 0x00000000aa400000, 0x00000000aa400000| Complete 
| 165|0x00000000aa500000, 0x00000000aa600000, 0x00000000aa600000|100%| S|CS|TAMS 0x00000000aa500000, 0x00000000aa500000| Complete 
| 166|0x00000000aa600000, 0x00000000aa600000, 0x00000000aa700000|  0%| F|  |TAMS 0x00000000aa600000, 0x00000000aa600000| Untracked 
| 167|0x00000000aa700000, 0x00000000aa700000, 0x00000000aa800000|  0%| F|  |TAMS 0x00000000aa700000, 0x00000000aa700000| Untracked 
| 168|0x00000000aa800000, 0x00000000aa800000, 0x00000000aa900000|  0%| F|  |TAMS 0x00000000aa800000, 0x00000000aa800000| Untracked 
| 169|0x00000000aa900000, 0x00000000aa900000, 0x00000000aaa00000|  0%| F|  |TAMS 0x00000000aa900000, 0x00000000aa900000| Untracked 
| 170|0x00000000aaa00000, 0x00000000aaa00000, 0x00000000aab00000|  0%| F|  |TAMS 0x00000000aaa00000, 0x00000000aaa00000| Untracked 
| 171|0x00000000aab00000, 0x00000000aab00000, 0x00000000aac00000|  0%| F|  |TAMS 0x00000000aab00000, 0x00000000aab00000| Untracked 
| 172|0x00000000aac00000, 0x00000000aac00000, 0x00000000aad00000|  0%| F|  |TAMS 0x00000000aac00000, 0x00000000aac00000| Untracked 
| 173|0x00000000aad00000, 0x00000000aad00000, 0x00000000aae00000|  0%| F|  |TAMS 0x00000000aad00000, 0x00000000aad00000| Untracked 
| 174|0x00000000aae00000, 0x00000000aae00000, 0x00000000aaf00000|  0%| F|  |TAMS 0x00000000aae00000, 0x00000000aae00000| Untracked 
| 175|0x00000000aaf00000, 0x00000000aaf00000, 0x00000000ab000000|  0%| F|  |TAMS 0x00000000aaf00000, 0x00000000aaf00000| Untracked 
| 176|0x00000000ab000000, 0x00000000ab000000, 0x00000000ab100000|  0%| F|  |TAMS 0x00000000ab000000, 0x00000000ab000000| Untracked 
| 177|0x00000000ab100000, 0x00000000ab100000, 0x00000000ab200000|  0%| F|  |TAMS 0x00000000ab100000, 0x00000000ab100000| Untracked 
| 178|0x00000000ab200000, 0x00000000ab200000, 0x00000000ab300000|  0%| F|  |TAMS 0x00000000ab200000, 0x00000000ab200000| Untracked 
| 179|0x00000000ab300000, 0x00000000ab300000, 0x00000000ab400000|  0%| F|  |TAMS 0x00000000ab300000, 0x00000000ab300000| Untracked 
| 180|0x00000000ab400000, 0x00000000ab400000, 0x00000000ab500000|  0%| F|  |TAMS 0x00000000ab400000, 0x00000000ab400000| Untracked 
| 181|0x00000000ab500000, 0x00000000ab500000, 0x00000000ab600000|  0%| F|  |TAMS 0x00000000ab500000, 0x00000000ab500000| Untracked 
| 182|0x00000000ab600000, 0x00000000ab600000, 0x00000000ab700000|  0%| F|  |TAMS 0x00000000ab600000, 0x00000000ab600000| Untracked 
| 183|0x00000000ab700000, 0x00000000ab700000, 0x00000000ab800000|  0%| F|  |TAMS 0x00000000ab700000, 0x00000000ab700000| Untracked 
| 184|0x00000000ab800000, 0x00000000ab800000, 0x00000000ab900000|  0%| F|  |TAMS 0x00000000ab800000, 0x00000000ab800000| Untracked 
| 185|0x00000000ab900000, 0x00000000ab900000, 0x00000000aba00000|  0%| F|  |TAMS 0x00000000ab900000, 0x00000000ab900000| Untracked 
| 186|0x00000000aba00000, 0x00000000aba00000, 0x00000000abb00000|  0%| F|  |TAMS 0x00000000aba00000, 0x00000000aba00000| Untracked 
| 187|0x00000000abb00000, 0x00000000abb91610, 0x00000000abc00000| 56%| E|  |TAMS 0x00000000abb00000, 0x00000000abb00000| Complete 
| 188|0x00000000abc00000, 0x00000000abd00000, 0x00000000abd00000|100%| E|CS|TAMS 0x00000000abc00000, 0x00000000abc00000| Complete 
| 189|0x00000000abd00000, 0x00000000abe00000, 0x00000000abe00000|100%| E|CS|TAMS 0x00000000abd00000, 0x00000000abd00000| Complete 
| 190|0x00000000abe00000, 0x00000000abf00000, 0x00000000abf00000|100%| E|CS|TAMS 0x00000000abe00000, 0x00000000abe00000| Complete 
| 191|0x00000000abf00000, 0x00000000ac000000, 0x00000000ac000000|100%| E|CS|TAMS 0x00000000abf00000, 0x00000000abf00000| Complete 
| 192|0x00000000ac000000, 0x00000000ac100000, 0x00000000ac100000|100%| E|CS|TAMS 0x00000000ac000000, 0x00000000ac000000| Complete 
| 193|0x00000000ac100000, 0x00000000ac200000, 0x00000000ac200000|100%| E|CS|TAMS 0x00000000ac100000, 0x00000000ac100000| Complete 
| 194|0x00000000ac200000, 0x00000000ac300000, 0x00000000ac300000|100%| E|CS|TAMS 0x00000000ac200000, 0x00000000ac200000| Complete 
| 195|0x00000000ac300000, 0x00000000ac400000, 0x00000000ac400000|100%| E|CS|TAMS 0x00000000ac300000, 0x00000000ac300000| Complete 
| 196|0x00000000ac400000, 0x00000000ac500000, 0x00000000ac500000|100%| E|CS|TAMS 0x00000000ac400000, 0x00000000ac400000| Complete 

Card table byte_map: [0x0000029aabe00000,0x0000029aac100000] _byte_map_base: 0x0000029aab900000

Marking Bits (Prev, Next): (CMBitMap*) 0x0000029a96dce588, (CMBitMap*) 0x0000029a96dce5c0
 Prev Bits: [0x0000029aac400000, 0x0000029aadc00000)
 Next Bits: [0x0000029aadc00000, 0x0000029aaf400000)

Polling page: 0x0000029a96e70000

Metaspace:

Usage:
  Non-class:     81.86 MB capacity,    79.38 MB ( 97%) used,     2.19 MB (  3%) free+waste,   293.94 KB ( <1%) overhead. 
      Class:     13.13 MB capacity,    11.97 MB ( 91%) used,     1.03 MB (  8%) free+waste,   136.69 KB (  1%) overhead. 
       Both:     94.99 MB capacity,    91.35 MB ( 96%) used,     3.22 MB (  3%) free+waste,   430.62 KB ( <1%) overhead. 

Virtual space:
  Non-class space:       84.00 MB reserved,      82.08 MB ( 98%) committed 
      Class space:        1.00 GB reserved,      13.25 MB (  1%) committed 
             Both:        1.08 GB reserved,      95.33 MB (  9%) committed 

Chunk freelists:
   Non-Class:  34.00 KB
       Class:  0 bytes
        Both:  34.00 KB

MaxMetaspaceSize: 17179869184.00 GB
CompressedClassSpaceSize: 1.00 GB
Initial GC threshold: 20.80 MB
Current GC threshold: 158.26 MB
CDS: off

CodeHeap 'non-profiled nmethods': size=120000Kb used=5939Kb max_used=5939Kb free=114060Kb
 bounds [0x0000029aa3b70000, 0x0000029aa4140000, 0x0000029aab0a0000]
CodeHeap 'profiled nmethods': size=120000Kb used=23698Kb max_used=23698Kb free=96301Kb
 bounds [0x0000029a9c640000, 0x0000029a9dd70000, 0x0000029aa3b70000]
CodeHeap 'non-nmethods': size=5760Kb used=2377Kb max_used=2422Kb free=3382Kb
 bounds [0x0000029a9c0a0000, 0x0000029a9c310000, 0x0000029a9c640000]
 total_blobs=12754 nmethods=11854 adapters=810
 compilation: enabled
              stopped_count=0, restarted_count=0
 full_count=0

Compilation events (20 events):
Event: 33.342 Thread 0x0000029ab1ecb000 nmethod 12127 0x0000029a9dd61010 code [0x0000029a9dd611c0, 0x0000029a9dd612f8]
Event: 33.342 Thread 0x0000029ab1ecb000 12128       3       sun.management.spi.PlatformMBeanProvider$PlatformComponent$$Lambda$67/0x000000010017e840::apply (9 bytes)
Event: 33.343 Thread 0x0000029ab1ecb000 nmethod 12128 0x0000029a9dd61390 code [0x0000029a9dd61580, 0x0000029a9dd61898]
Event: 34.064 Thread 0x0000029ab1ecb000 12130       3       com.google.common.collect.TransformedIterator::next (14 bytes)
Event: 34.064 Thread 0x0000029ab1ecb000 nmethod 12130 0x0000029a9dd61a10 code [0x0000029a9dd61be0, 0x0000029a9dd61e58]
Event: 34.815 Thread 0x0000029ab1ecb000 12131       1       org.gradle.launcher.daemon.server.exec.LogToClient::access$100 (5 bytes)
Event: 34.816 Thread 0x0000029ab1ecb000 nmethod 12131 0x0000029aa413c990 code [0x0000029aa413cb40, 0x0000029aa413cbd8]
Event: 34.819 Thread 0x0000029ab1ec6800 12132       4       org.gradle.internal.logging.text.AbstractLineChoppingStyledTextOutput$1::execute (9 bytes)
Event: 34.819 Thread 0x0000029ab1ecb000 12135       3       org.gradle.internal.io.LineBufferingOutputStream::write (59 bytes)
Event: 34.820 Thread 0x0000029ab1ecb000 nmethod 12135 0x0000029a9dd61f90 code [0x0000029a9dd62260, 0x0000029a9dd63038]
Event: 34.820 Thread 0x0000029ab1ecb000 12136       3       org.gradle.internal.io.StreamByteBuffer$StreamByteBufferOutputStream::write (22 bytes)
Event: 34.820 Thread 0x0000029ab1ecb000 nmethod 12136 0x0000029a9dd63590 code [0x0000029a9dd63760, 0x0000029a9dd639c8]
Event: 34.820 Thread 0x0000029ab1ecb000 12138       3       org.gradle.internal.io.StreamByteBuffer$StreamByteBufferChunk::write (32 bytes)
Event: 34.820 Thread 0x0000029ab1ecb000 nmethod 12138 0x0000029a9dd63b90 code [0x0000029a9dd63d40, 0x0000029a9dd63ed8]
Event: 34.820 Thread 0x0000029ab1ecb000 12141       3       org.gradle.internal.io.LineBufferingOutputStream::endsWithLineSeparator (27 bytes)
Event: 34.821 Thread 0x0000029ab1ecb000 nmethod 12141 0x0000029a9dd63f90 code [0x0000029a9dd64140, 0x0000029a9dd642d8]
Event: 34.821 Thread 0x0000029ab1ecb000 12137       3       org.gradle.internal.logging.text.AbstractStyledTextOutput::style (20 bytes)
Event: 34.821 Thread 0x0000029ab1ecb000 nmethod 12137 0x0000029a9dd64390 code [0x0000029a9dd64560, 0x0000029a9dd647c8]
Event: 34.821 Thread 0x0000029ab1ecb000 12142       1       org.gradle.internal.logging.events.RenderableOutputEvent::getBuildOperationId (5 bytes)
Event: 34.821 Thread 0x0000029ab1ecb000 nmethod 12142 0x0000029aa413cc90 code [0x0000029aa413ce40, 0x0000029aa413cef8]

GC Heap History (20 events):
Event: 21.879 GC heap before
{Heap before GC invocations=61 (full 0):
 garbage-first heap   total 167936K, used 118207K [0x00000000a0000000, 0x0000000100000000)
  region size 1024K, 31 young (31744K), 5 survivors (5120K)
 Metaspace       used 80904K, capacity 83527K, committed 83792K, reserved 1122304K
  class space    used 10564K, capacity 11481K, committed 11520K, reserved 1048576K
}
Event: 21.884 GC heap after
{Heap after GC invocations=62 (full 0):
 garbage-first heap   total 167936K, used 94446K [0x00000000a0000000, 0x0000000100000000)
  region size 1024K, 4 young (4096K), 4 survivors (4096K)
 Metaspace       used 80904K, capacity 83527K, committed 83792K, reserved 1122304K
  class space    used 10564K, capacity 11481K, committed 11520K, reserved 1048576K
}
Event: 22.482 GC heap before
{Heap before GC invocations=62 (full 0):
 garbage-first heap   total 167936K, used 121070K [0x00000000a0000000, 0x0000000100000000)
  region size 1024K, 31 young (31744K), 4 survivors (4096K)
 Metaspace       used 81389K, capacity 84526K, committed 84688K, reserved 1122304K
  class space    used 10615K, capacity 11600K, committed 11648K, reserved 1048576K
}
Event: 22.492 GC heap after
{Heap after GC invocations=63 (full 0):
 garbage-first heap   total 167936K, used 98750K [0x00000000a0000000, 0x0000000100000000)
  region size 1024K, 4 young (4096K), 4 survivors (4096K)
 Metaspace       used 81389K, capacity 84526K, committed 84688K, reserved 1122304K
  class space    used 10615K, capacity 11600K, committed 11648K, reserved 1048576K
}
Event: 22.774 GC heap before
{Heap before GC invocations=64 (full 0):
 garbage-first heap   total 167936K, used 103870K [0x00000000a0000000, 0x0000000100000000)
  region size 1024K, 11 young (11264K), 4 survivors (4096K)
 Metaspace       used 81475K, capacity 84661K, committed 84688K, reserved 1122304K
  class space    used 10632K, capacity 11645K, committed 11648K, reserved 1048576K
}
Event: 22.786 GC heap after
{Heap after GC invocations=65 (full 0):
 garbage-first heap   total 201728K, used 102006K [0x00000000a0000000, 0x0000000100000000)
  region size 1024K, 4 young (4096K), 4 survivors (4096K)
 Metaspace       used 81475K, capacity 84661K, committed 84688K, reserved 1122304K
  class space    used 10632K, capacity 11645K, committed 11648K, reserved 1048576K
}
Event: 23.271 GC heap before
{Heap before GC invocations=66 (full 0):
 garbage-first heap   total 201728K, used 122486K [0x00000000a0000000, 0x0000000100000000)
  region size 1024K, 23 young (23552K), 4 survivors (4096K)
 Metaspace       used 81722K, capacity 85005K, committed 85328K, reserved 1122304K
  class space    used 10659K, capacity 11706K, committed 11776K, reserved 1048576K
}
Event: 23.281 GC heap after
{Heap after GC invocations=67 (full 0):
 garbage-first heap   total 201728K, used 107394K [0x00000000a0000000, 0x0000000100000000)
  region size 1024K, 6 young (6144K), 6 survivors (6144K)
 Metaspace       used 81722K, capacity 85005K, committed 85328K, reserved 1122304K
  class space    used 10659K, capacity 11706K, committed 11776K, reserved 1048576K
}
Event: 24.059 GC heap before
{Heap before GC invocations=68 (full 0):
 garbage-first heap   total 201728K, used 147330K [0x00000000a0000000, 0x0000000100000000)
  region size 1024K, 44 young (45056K), 6 survivors (6144K)
 Metaspace       used 83763K, capacity 87125K, committed 87376K, reserved 1124352K
  class space    used 10946K, capacity 12017K, committed 12032K, reserved 1048576K
}
Event: 24.066 GC heap after
{Heap after GC invocations=69 (full 0):
 garbage-first heap   total 201728K, used 114959K [0x00000000a0000000, 0x0000000100000000)
  region size 1024K, 6 young (6144K), 6 survivors (6144K)
 Metaspace       used 83763K, capacity 87125K, committed 87376K, reserved 1124352K
  class space    used 10946K, capacity 12017K, committed 12032K, reserved 1048576K
}
Event: 24.981 GC heap before
{Heap before GC invocations=69 (full 0):
 garbage-first heap   total 201728K, used 151823K [0x00000000a0000000, 0x0000000100000000)
  region size 1024K, 42 young (43008K), 6 survivors (6144K)
 Metaspace       used 88083K, capacity 91567K, committed 91600K, reserved 1128448K
  class space    used 11547K, capacity 12651K, committed 12672K, reserved 1048576K
}
Event: 24.989 GC heap after
{Heap after GC invocations=70 (full 0):
 garbage-first heap   total 201728K, used 117103K [0x00000000a0000000, 0x0000000100000000)
  region size 1024K, 3 young (3072K), 3 survivors (3072K)
 Metaspace       used 88083K, capacity 91567K, committed 91600K, reserved 1128448K
  class space    used 11547K, capacity 12651K, committed 12672K, reserved 1048576K
}
Event: 25.686 GC heap before
{Heap before GC invocations=71 (full 0):
 garbage-first heap   total 201728K, used 154991K [0x00000000a0000000, 0x0000000100000000)
  region size 1024K, 40 young (40960K), 3 survivors (3072K)
 Metaspace       used 90447K, capacity 93950K, committed 94288K, reserved 1130496K
  class space    used 11829K, capacity 12937K, committed 13056K, reserved 1048576K
}
Event: 25.692 GC heap after
{Heap after GC invocations=72 (full 0):
 garbage-first heap   total 201728K, used 120483K [0x00000000a0000000, 0x0000000100000000)
  region size 1024K, 5 young (5120K), 5 survivors (5120K)
 Metaspace       used 90447K, capacity 93950K, committed 94288K, reserved 1130496K
  class space    used 11829K, capacity 12937K, committed 13056K, reserved 1048576K
}
Event: 26.344 GC heap before
{Heap before GC invocations=72 (full 0):
 garbage-first heap   total 201728K, used 158371K [0x00000000a0000000, 0x0000000100000000)
  region size 1024K, 42 young (43008K), 5 survivors (5120K)
 Metaspace       used 91302K, capacity 94804K, committed 95056K, reserved 1132544K
  class space    used 11910K, capacity 13015K, committed 13056K, reserved 1048576K
}
Event: 26.358 GC heap after
{Heap after GC invocations=73 (full 0):
 garbage-first heap   total 201728K, used 128611K [0x00000000a0000000, 0x0000000100000000)
  region size 1024K, 6 young (6144K), 6 survivors (6144K)
 Metaspace       used 91302K, capacity 94804K, committed 95056K, reserved 1132544K
  class space    used 11910K, capacity 13015K, committed 13056K, reserved 1048576K
}
Event: 26.977 GC heap before
{Heap before GC invocations=74 (full 0):
 garbage-first heap   total 201728K, used 162403K [0x00000000a0000000, 0x0000000100000000)
  region size 1024K, 39 young (39936K), 6 survivors (6144K)
 Metaspace       used 92741K, capacity 96302K, committed 96336K, reserved 1132544K
  class space    used 12121K, capacity 13293K, committed 13312K, reserved 1048576K
}
Event: 26.986 GC heap after
{Heap after GC invocations=75 (full 0):
 garbage-first heap   total 201728K, used 133173K [0x00000000a0000000, 0x0000000100000000)
  region size 1024K, 5 young (5120K), 5 survivors (5120K)
 Metaspace       used 92741K, capacity 96302K, committed 96336K, reserved 1132544K
  class space    used 12121K, capacity 13293K, committed 13312K, reserved 1048576K
}
Event: 27.893 GC heap before
{Heap before GC invocations=75 (full 0):
 garbage-first heap   total 201728K, used 163893K [0x00000000a0000000, 0x0000000100000000)
  region size 1024K, 36 young (36864K), 5 survivors (5120K)
 Metaspace       used 93034K, capacity 96664K, committed 96976K, reserved 1132544K
  class space    used 12174K, capacity 13372K, committed 13440K, reserved 1048576K
}
Event: 27.899 GC heap after
{Heap after GC invocations=76 (full 0):
 garbage-first heap   total 201728K, used 136187K [0x00000000a0000000, 0x0000000100000000)
  region size 1024K, 3 young (3072K), 3 survivors (3072K)
 Metaspace       used 93034K, capacity 96664K, committed 96976K, reserved 1132544K
  class space    used 12174K, capacity 13372K, committed 13440K, reserved 1048576K
}

Deoptimization events (20 events):
Event: 27.979 Thread 0x0000029abd309000 Uncommon trap: trap_request=0xffffffc6 fr.pc=0x0000029aa4108d4c relative=0x000000000000238c
Event: 27.979 Thread 0x0000029abd309000 Uncommon trap: reason=bimorphic_or_optimized_type_check action=maybe_recompile pc=0x0000029aa4108d4c method=org.gradle.internal.snapshot.AbstractListChildMap.withReplacedChild(ILjava/lang/String;Ljava/lang/Object;)Lorg/gradle/internal/snapshot/ChildMap; @
Event: 27.979 Thread 0x0000029abd309000 DEOPT PACKING pc=0x0000029aa4108d4c sp=0x000000cc84ffadd0
Event: 27.979 Thread 0x0000029abd309000 DEOPT UNPACKING pc=0x0000029a9c0ea1af sp=0x000000cc84ffaac8 mode 2
Event: 27.979 Thread 0x0000029abd309000 Uncommon trap: trap_request=0xffffffc6 fr.pc=0x0000029aa4108d4c relative=0x000000000000238c
Event: 27.979 Thread 0x0000029abd309000 Uncommon trap: reason=bimorphic_or_optimized_type_check action=maybe_recompile pc=0x0000029aa4108d4c method=org.gradle.internal.snapshot.AbstractListChildMap.withReplacedChild(ILjava/lang/String;Ljava/lang/Object;)Lorg/gradle/internal/snapshot/ChildMap; @
Event: 27.979 Thread 0x0000029abd309000 DEOPT PACKING pc=0x0000029aa4108d4c sp=0x000000cc84ffaff0
Event: 27.979 Thread 0x0000029abd309000 DEOPT UNPACKING pc=0x0000029a9c0ea1af sp=0x000000cc84fface8 mode 2
Event: 27.979 Thread 0x0000029abd309000 Uncommon trap: trap_request=0xffffffc6 fr.pc=0x0000029aa4108d6c relative=0x00000000000023ac
Event: 27.979 Thread 0x0000029abd309000 Uncommon trap: reason=bimorphic_or_optimized_type_check action=maybe_recompile pc=0x0000029aa4108d6c method=org.gradle.internal.snapshot.AbstractListChildMap.store(Lorg/gradle/internal/snapshot/VfsRelativePath;Lorg/gradle/internal/snapshot/CaseSensitivity
Event: 27.979 Thread 0x0000029abd309000 DEOPT PACKING pc=0x0000029aa4108d6c sp=0x000000cc84ffadd0
Event: 27.980 Thread 0x0000029abd309000 DEOPT UNPACKING pc=0x0000029a9c0ea1af sp=0x000000cc84ffadc0 mode 2
Event: 27.980 Thread 0x0000029abd309000 Uncommon trap: trap_request=0xffffffc6 fr.pc=0x0000029aa4108d4c relative=0x000000000000238c
Event: 27.980 Thread 0x0000029abd309000 Uncommon trap: reason=bimorphic_or_optimized_type_check action=maybe_recompile pc=0x0000029aa4108d4c method=org.gradle.internal.snapshot.AbstractListChildMap.withReplacedChild(ILjava/lang/String;Ljava/lang/Object;)Lorg/gradle/internal/snapshot/ChildMap; @
Event: 27.980 Thread 0x0000029abd309000 DEOPT PACKING pc=0x0000029aa4108d4c sp=0x000000cc84ffaff0
Event: 27.980 Thread 0x0000029abd309000 DEOPT UNPACKING pc=0x0000029a9c0ea1af sp=0x000000cc84fface8 mode 2
Event: 28.248 Thread 0x0000029abca20000 Uncommon trap: trap_request=0xffffffc6 fr.pc=0x0000029aa40de130 relative=0x0000000000000a10
Event: 28.248 Thread 0x0000029abca20000 Uncommon trap: reason=bimorphic_or_optimized_type_check action=maybe_recompile pc=0x0000029aa40de130 method=java.io.BufferedInputStream.read1([BII)I @ 39 c2
Event: 28.248 Thread 0x0000029abca20000 DEOPT PACKING pc=0x0000029aa40de130 sp=0x000000cc859fea00
Event: 28.248 Thread 0x0000029abca20000 DEOPT UNPACKING pc=0x0000029a9c0ea1af sp=0x000000cc859fe918 mode 2

Classes redefined (0 events):
No events

Internal exceptions (20 events):
Event: 28.061 Thread 0x0000029abd309000 Exception <a 'java/lang/ClassNotFoundException'{0x00000000ac0a3880}: org/gradle/process/internal/DefaultExecAction_DecoratedBeanInfo> (0x00000000ac0a3880) thrown at [src/hotspot/share/classfile/systemDictionary.cpp, line 230]
Event: 28.062 Thread 0x0000029abd309000 Exception <a 'java/lang/ClassNotFoundException'{0x00000000ac0d6f68}: org/gradle/process/internal/DefaultExecActionBeanInfo> (0x00000000ac0d6f68) thrown at [src/hotspot/share/classfile/systemDictionary.cpp, line 230]
Event: 28.064 Thread 0x0000029abd309000 Exception <a 'java/lang/ClassNotFoundException'{0x00000000abf0df88}: org/gradle/process/internal/DefaultExecHandleBuilderBeanInfo> (0x00000000abf0df88) thrown at [src/hotspot/share/classfile/systemDictionary.cpp, line 230]
Event: 28.067 Thread 0x0000029abd309000 Exception <a 'java/lang/ClassNotFoundException'{0x00000000abf44e98}: org/gradle/process/internal/AbstractExecHandleBuilderBeanInfo> (0x00000000abf44e98) thrown at [src/hotspot/share/classfile/systemDictionary.cpp, line 230]
Event: 28.069 Thread 0x0000029abd309000 Exception <a 'java/lang/ClassNotFoundException'{0x00000000abf95d88}: org/gradle/process/internal/DefaultProcessForkOptionsBeanInfo> (0x00000000abf95d88) thrown at [src/hotspot/share/classfile/systemDictionary.cpp, line 230]
Event: 28.070 Thread 0x0000029abd309000 Exception <a 'java/lang/ClassNotFoundException'{0x00000000abfcda78}: org/gradle/process/internal/DefaultProcessForkOptionsCustomizer> (0x00000000abfcda78) thrown at [src/hotspot/share/classfile/systemDictionary.cpp, line 230]
Event: 28.076 Thread 0x0000029abd309000 Exception <a 'java/lang/ClassNotFoundException'{0x00000000abe128e8}: org/gradle/process/internal/AbstractExecHandleBuilderCustomizer> (0x00000000abe128e8) thrown at [src/hotspot/share/classfile/systemDictionary.cpp, line 230]
Event: 28.079 Thread 0x0000029abd309000 Exception <a 'java/lang/ClassNotFoundException'{0x00000000abe5b580}: org/gradle/process/internal/DefaultExecHandleBuilderCustomizer> (0x00000000abe5b580) thrown at [src/hotspot/share/classfile/systemDictionary.cpp, line 230]
Event: 28.082 Thread 0x0000029abd309000 Exception <a 'java/lang/ClassNotFoundException'{0x00000000abebb5c8}: org/gradle/process/internal/DefaultExecActionCustomizer> (0x00000000abebb5c8) thrown at [src/hotspot/share/classfile/systemDictionary.cpp, line 230]
Event: 28.084 Thread 0x0000029abd309000 Exception <a 'java/lang/ClassNotFoundException'{0x00000000abefbe58}: org/gradle/process/internal/DefaultExecAction_DecoratedCustomizer> (0x00000000abefbe58) thrown at [src/hotspot/share/classfile/systemDictionary.cpp, line 230]
Event: 28.090 Thread 0x0000029abd309000 Exception <a 'java/lang/ClassNotFoundException'{0x00000000abd58e90}: org/gradle/api/logging/LogLevelBeanInfo> (0x00000000abd58e90) thrown at [src/hotspot/share/classfile/systemDictionary.cpp, line 230]
Event: 28.092 Thread 0x0000029abd309000 Exception <a 'java/lang/ClassNotFoundException'{0x00000000abd869c8}: org/gradle/api/logging/LogLevelCustomizer> (0x00000000abd869c8) thrown at [src/hotspot/share/classfile/systemDictionary.cpp, line 230]
Event: 28.103 Thread 0x0000029abd309000 Exception <a 'java/lang/ClassNotFoundException'{0x00000000abdfb188}: org/gradle/internal/logging/services/DefaultLoggingManagerBeanInfo> (0x00000000abdfb188) thrown at [src/hotspot/share/classfile/systemDictionary.cpp, line 230]
Event: 28.106 Thread 0x0000029abd309000 Exception <a 'java/lang/ClassNotFoundException'{0x00000000abc340f8}: org/gradle/internal/logging/services/DefaultLoggingManagerCustomizer> (0x00000000abc340f8) thrown at [src/hotspot/share/classfile/systemDictionary.cpp, line 230]
Event: 28.110 Thread 0x0000029abd309000 Exception <a 'java/lang/ClassNotFoundException'{0x00000000abc71360}: java/lang/BooleanBeanInfo> (0x00000000abc71360) thrown at [src/hotspot/share/classfile/systemDictionary.cpp, line 230]
Event: 28.110 Thread 0x0000029abd309000 Exception <a 'java/lang/ClassNotFoundException'{0x00000000abc7e240}: java/lang/BooleanCustomizer> (0x00000000abc7e240) thrown at [src/hotspot/share/classfile/systemDictionary.cpp, line 230]
Event: 28.236 Thread 0x0000029abca24000 Exception <a 'java/lang/NoSuchMethodError'{0x00000000abb07ba8}: 'void java.lang.invoke.DirectMethodHandle$Holder.invokeStatic(java.lang.Object, long)'> (0x00000000abb07ba8) thrown at [src/hotspot/share/interpreter/linkResolver.cpp, line 773]
Event: 28.237 Thread 0x0000029abca24000 Exception <a 'java/lang/NoSuchMethodError'{0x00000000abb0cd98}: 'java.lang.Object java.lang.invoke.DirectMethodHandle$Holder.invokeStatic(java.lang.Object, long)'> (0x00000000abb0cd98) thrown at [src/hotspot/share/interpreter/linkResolver.cpp, line 773]
Event: 28.238 Thread 0x0000029abca24000 Exception <a 'java/lang/NoSuchMethodError'{0x00000000abb100c0}: 'java.lang.Object java.lang.invoke.DirectMethodHandle$Holder.invokeSpecial(java.lang.Object, java.lang.Object, long)'> (0x00000000abb100c0) thrown at [src/hotspot/share/interpreter/linkResolver.cpp, line 773]
Event: 28.242 Thread 0x0000029abca24000 Exception <a 'java/lang/NoSuchMethodError'{0x00000000abb1b060}: 'java.lang.Object java.lang.invoke.DirectMethodHandle$Holder.invokeStaticInit(java.lang.Object, java.lang.Object, long, java.lang.Object)'> (0x00000000abb1b060) thrown at [src/hotspot/share/interpreter/linkResolver.cpp, line 773]

Events (20 events):
Event: 28.244 loading class java/lang/Process$PipeInputStream
Event: 28.244 loading class java/lang/Process$PipeInputStream done
Event: 28.244 Executing VM operation: Deoptimize
Event: 28.246 Executing VM operation: Deoptimize done
Event: 28.246 loading class org/gradle/process/internal/streams/ExecOutputHandleRunner
Event: 28.246 loading class org/gradle/process/internal/streams/ExecOutputHandleRunner done
Event: 28.247 Thread 0x0000029abca21000 Thread added: 0x0000029abca21000
Event: 28.248 Thread 0x0000029abca20000 Thread added: 0x0000029abca20000
Event: 28.248 Executing VM operation: RevokeBias
Event: 28.248 Executing VM operation: RevokeBias done
Event: 34.793 loading class org/gradle/internal/logging/events/StyledTextOutputEvent$Span
Event: 34.793 loading class org/gradle/internal/logging/events/StyledTextOutputEvent$Span done
Event: 34.796 loading class org/gradle/internal/logging/events/operations/StyledTextBuildOperationProgressDetails$Span
Event: 34.796 loading class org/gradle/internal/logging/events/operations/StyledTextBuildOperationProgressDetails$Span done
Event: 34.799 loading class org/gradle/internal/operations/logging/StyledTextBuildOperationProgressDetails$Span
Event: 34.799 loading class org/gradle/internal/operations/logging/StyledTextBuildOperationProgressDetails$Span done
Event: 34.800 Executing VM operation: RevokeBias
Event: 34.800 Executing VM operation: RevokeBias done
Event: 34.800 Executing VM operation: RevokeBias
Event: 34.800 Executing VM operation: RevokeBias done


Dynamic libraries:
0x00007ff7301a0000 - 0x00007ff7301aa000 	C:\Program Files\Android\Android Studio\jbr\bin\java.exe
0x00007ffc31640000 - 0x00007ffc31849000 	C:\Windows\SYSTEM32\ntdll.dll
0x00007ffc2faf0000 - 0x00007ffc2fbae000 	C:\Windows\System32\KERNEL32.DLL
0x00007ffc2ee80000 - 0x00007ffc2f204000 	C:\Windows\System32\KERNELBASE.dll
0x00007ffc2ec10000 - 0x00007ffc2ed21000 	C:\Windows\System32\ucrtbase.dll
0x00007ffc23140000 - 0x00007ffc23157000 	C:\Program Files\Android\Android Studio\jbr\bin\jli.dll
0x00007ffc30020000 - 0x00007ffc301cd000 	C:\Windows\System32\USER32.dll
0x00007ffc133c0000 - 0x00007ffc133db000 	C:\Program Files\Android\Android Studio\jbr\bin\VCRUNTIME140.dll
0x00007ffc13c30000 - 0x00007ffc13ed5000 	C:\Windows\WinSxS\amd64_microsoft.windows.common-controls_6595b64144ccf1df_6.0.22000.120_none_9d947278b86cc467\COMCTL32.dll
0x00007ffc2ee50000 - 0x00007ffc2ee76000 	C:\Windows\System32\win32u.dll
0x00007ffc2ff70000 - 0x00007ffc30013000 	C:\Windows\System32\msvcrt.dll
0x00007ffc30c60000 - 0x00007ffc30c8a000 	C:\Windows\System32\GDI32.dll
0x00007ffc2ed30000 - 0x00007ffc2ee4f000 	C:\Windows\System32\gdi32full.dll
0x00007ffc2f210000 - 0x00007ffc2f2ad000 	C:\Windows\System32\msvcp_win.dll
0x00007ffc301d0000 - 0x00007ffc30201000 	C:\Windows\System32\IMM32.DLL
0x00007ffc2aa00000 - 0x00007ffc2aa0c000 	C:\Program Files\Android\Android Studio\jbr\bin\vcruntime140_1.dll
0x00007ffbf74b0000 - 0x00007ffbf753d000 	C:\Program Files\Android\Android Studio\jbr\bin\msvcp140.dll
0x00007ffbed6d0000 - 0x00007ffbee28c000 	C:\Program Files\Android\Android Studio\jbr\bin\server\jvm.dll
0x00007ffc30c90000 - 0x00007ffc30d3f000 	C:\Windows\System32\ADVAPI32.dll
0x00007ffc2f6f0000 - 0x00007ffc2f78e000 	C:\Windows\System32\sechost.dll
0x00007ffc2fe40000 - 0x00007ffc2ff61000 	C:\Windows\System32\RPCRT4.dll
0x00007ffc307e0000 - 0x00007ffc307e8000 	C:\Windows\System32\PSAPI.DLL
0x00007ffc20b70000 - 0x00007ffc20b79000 	C:\Windows\SYSTEM32\WSOCK32.dll
0x00007ffc26d00000 - 0x00007ffc26d0a000 	C:\Windows\SYSTEM32\VERSION.dll
0x00007ffc2c5a0000 - 0x00007ffc2c5d3000 	C:\Windows\SYSTEM32\WINMM.dll
0x00007ffc2f680000 - 0x00007ffc2f6ef000 	C:\Windows\System32\WS2_32.dll
0x00007ffc2db50000 - 0x00007ffc2db68000 	C:\Windows\SYSTEM32\kernel.appcore.dll
0x00007ffc19de0000 - 0x00007ffc19df0000 	C:\Program Files\Android\Android Studio\jbr\bin\verify.dll
0x00007ffc2c310000 - 0x00007ffc2c531000 	C:\Windows\SYSTEM32\DBGHELP.DLL
0x00007ffc2c540000 - 0x00007ffc2c571000 	C:\Windows\SYSTEM32\dbgcore.DLL
0x00007ffc2f2b0000 - 0x00007ffc2f32f000 	C:\Windows\System32\bcryptPrimitives.dll
0x00007ffc13390000 - 0x00007ffc133b8000 	C:\Program Files\Android\Android Studio\jbr\bin\java.dll
0x00007ffc19a00000 - 0x00007ffc19a0a000 	C:\Program Files\Android\Android Studio\jbr\bin\jimage.dll
0x00007ffc11640000 - 0x00007ffc11658000 	C:\Program Files\Android\Android Studio\jbr\bin\zip.dll
0x00007ffc30e30000 - 0x00007ffc315f5000 	C:\Windows\System32\SHELL32.dll
0x00007ffc2cbb0000 - 0x00007ffc2d414000 	C:\Windows\SYSTEM32\windows.storage.dll
0x00007ffc30210000 - 0x00007ffc30586000 	C:\Windows\System32\combase.dll
0x00007ffc2ca40000 - 0x00007ffc2cba7000 	C:\Windows\SYSTEM32\wintypes.dll
0x00007ffc2f8a0000 - 0x00007ffc2f98a000 	C:\Windows\System32\SHCORE.dll
0x00007ffc30d40000 - 0x00007ffc30d9d000 	C:\Windows\System32\shlwapi.dll
0x00007ffc2ea10000 - 0x00007ffc2ea31000 	C:\Windows\SYSTEM32\profapi.dll
0x00007ffc0fba0000 - 0x00007ffc0fbb9000 	C:\Program Files\Android\Android Studio\jbr\bin\net.dll
0x00007ffc27770000 - 0x00007ffc27883000 	C:\Windows\SYSTEM32\WINHTTP.dll
0x00007ffc2e000000 - 0x00007ffc2e067000 	C:\Windows\system32\mswsock.dll
0x00007ffc0ebc0000 - 0x00007ffc0ebd3000 	C:\Program Files\Android\Android Studio\jbr\bin\nio.dll
0x00007ffc081d0000 - 0x00007ffc081f7000 	C:\Users\dkmad\.gradle\native\e1d6ef7f7dcc3fd88c89a11ec53ec762bb8ba0a96d01ffa2cd45eb1d1d8dd5c5\windows-amd64\native-platform.dll
0x00007ffbf4850000 - 0x00007ffbf4994000 	C:\Users\dkmad\.gradle\native\0d407fdbe67a94daf76414ababcb853783967236a71b16ec16e742cd7a986fd3\windows-amd64\native-platform-file-events.dll
0x00007ffc17920000 - 0x00007ffc1792a000 	C:\Program Files\Android\Android Studio\jbr\bin\management.dll
0x00007ffc14d40000 - 0x00007ffc14d4b000 	C:\Program Files\Android\Android Studio\jbr\bin\management_ext.dll
0x00007ffc2e260000 - 0x00007ffc2e278000 	C:\Windows\SYSTEM32\CRYPTSP.dll
0x00007ffc2dab0000 - 0x00007ffc2dae5000 	C:\Windows\system32\rsaenh.dll
0x00007ffc2e100000 - 0x00007ffc2e129000 	C:\Windows\SYSTEM32\USERENV.dll
0x00007ffc2e440000 - 0x00007ffc2e467000 	C:\Windows\SYSTEM32\bcrypt.dll
0x00007ffc2e250000 - 0x00007ffc2e25c000 	C:\Windows\SYSTEM32\CRYPTBASE.dll
0x00007ffc2d670000 - 0x00007ffc2d69d000 	C:\Windows\SYSTEM32\IPHLPAPI.DLL
0x00007ffc2fa80000 - 0x00007ffc2fa89000 	C:\Windows\System32\NSI.dll
0x00007ffc278c0000 - 0x00007ffc278d9000 	C:\Windows\SYSTEM32\dhcpcsvc6.DLL
0x00007ffc29520000 - 0x00007ffc2953e000 	C:\Windows\SYSTEM32\dhcpcsvc.DLL
0x00007ffc2d6a0000 - 0x00007ffc2d787000 	C:\Windows\SYSTEM32\DNSAPI.dll

dbghelp: loaded successfully - version: 4.0.5 - missing functions: none
symbol engine: initialized successfully - sym options: 0x614 - pdb path: .;C:\Program Files\Android\Android Studio\jbr\bin;C:\Windows\SYSTEM32;C:\Windows\WinSxS\amd64_microsoft.windows.common-controls_6595b64144ccf1df_6.0.22000.120_none_9d947278b86cc467;C:\Program Files\Android\Android Studio\jbr\bin\server;C:\Users\dkmad\.gradle\native\e1d6ef7f7dcc3fd88c89a11ec53ec762bb8ba0a96d01ffa2cd45eb1d1d8dd5c5\windows-amd64;C:\Users\dkmad\.gradle\native\0d407fdbe67a94daf76414ababcb853783967236a71b16ec16e742cd7a986fd3\windows-amd64

VM Arguments:
jvm_args: --add-opens=java.base/java.util=ALL-UNNAMED --add-opens=java.base/java.lang=ALL-UNNAMED --add-opens=java.base/java.lang.invoke=ALL-UNNAMED --add-opens=java.base/java.util=ALL-UNNAMED --add-opens=java.prefs/java.util.prefs=ALL-UNNAMED --add-opens=java.prefs/java.util.prefs=ALL-UNNAMED --add-opens=java.base/java.nio.charset=ALL-UNNAMED --add-opens=java.base/java.net=ALL-UNNAMED --add-opens=java.base/java.util.concurrent.atomic=ALL-UNNAMED -Xmx1536M -Dfile.encoding=windows-1252 -Duser.country=US -Duser.language=en -Duser.variant 
java_command: org.gradle.launcher.daemon.bootstrap.GradleDaemon 7.5
java_class_path (initial): C:\Users\dkmad\.gradle\wrapper\dists\gradle-7.5-all\6qsw290k5lz422uaf8jf6m7co\gradle-7.5\lib\gradle-launcher-7.5.jar
Launcher Type: SUN_STANDARD

[Global flags]
     intx CICompilerCount                          = 4                                         {product} {ergonomic}
     uint ConcGCThreads                            = 2                                         {product} {ergonomic}
     uint G1ConcRefinementThreads                  = 8                                         {product} {ergonomic}
   size_t G1HeapRegionSize                         = 1048576                                   {product} {ergonomic}
    uintx GCDrainStackTargetSize                   = 64                                        {product} {ergonomic}
   size_t InitialHeapSize                          = 98566144                                  {product} {ergonomic}
   size_t MarkStackSize                            = 4194304                                   {product} {ergonomic}
   size_t MaxHeapSize                              = 1610612736                                {product} {command line}
   size_t MaxNewSize                               = 965738496                                 {product} {ergonomic}
   size_t MinHeapDeltaBytes                        = 1048576                                   {product} {ergonomic}
    uintx NonNMethodCodeHeapSize                   = 5836300                                {pd product} {ergonomic}
    uintx NonProfiledCodeHeapSize                  = 122910970                              {pd product} {ergonomic}
    uintx ProfiledCodeHeapSize                     = 122910970                              {pd product} {ergonomic}
    uintx ReservedCodeCacheSize                    = 251658240                              {pd product} {ergonomic}
     bool SegmentedCodeCache                       = true                                      {product} {ergonomic}
     bool UseCompressedClassPointers               = true                                 {lp64_product} {ergonomic}
     bool UseCompressedOops                        = true                                 {lp64_product} {ergonomic}
     bool UseG1GC                                  = true                                      {product} {ergonomic}
     bool UseLargePagesIndividualAllocation        = false                                  {pd product} {ergonomic}

Logging:
Log output configuration:
 #0: stdout all=warning uptime,level,tags
 #1: stderr all=off uptime,level,tags

Environment Variables:
JAVA_HOME=C:\Program Files\Android\Android Studio\jbr
CLASSPATH=C:\flutter projects\flutter_bloc_quiz\quiz_app\android\\gradle\wrapper\gradle-wrapper.jar
PATH=C:\Program Files\Android\Android Studio\jbr\bin;C:\Windows\system32;C:\Windows;C:\Windows\System32\Wbem;C:\Windows\System32\WindowsPowerShell\v1.0\;C:\Windows\System32\OpenSSH\;C:\xampp\php;C:\composer;C:\Program Files\Cloudflare\Cloudflare WARP\;C:\;C:\Program Files\Git\cmd;C:\Program Files\MySQL\MySQL Shell 8.0\bin\;C:\Users\dkmad\AppData\Local\Microsoft\WindowsApps;C:\Users\dkmad\AppData\Roaming\Composer\vendor\bin;C:\Users\dkmad\AppData\Local\Programs\Microsoft VS Code\bin;C:\Users\dkmad\Downloads\flutter_windows_3.7.5\flutter\bin;;C:\Users\dkmad\Downloads\flutter_windows_3.7.5\flutter\bin\mingit\cmd
USERNAME=dkmad
OS=Windows_NT
PROCESSOR_IDENTIFIER=AMD64 Family 23 Model 104 Stepping 1, AuthenticAMD



---------------  S Y S T E M  ---------------

OS: Windows 11 , 64 bit Build 22000 (10.0.22000.2003)
OS uptime: 53 days 7:45 hours

CPU:total 8 (initial active 8) (8 cores per cpu, 2 threads per core) family 23 model 104 stepping 1 microcode 0x0, cmov, cx8, fxsr, mmx, sse, sse2, sse3, ssse3, sse4.1, sse4.2, popcnt, avx, avx2, aes, clmul, mmxext, 3dnowpref, lzcnt, sse4a, ht, tsc, tscinvbit, tscinv, bmi1, bmi2, adx, sha, fma

Memory: 4k page, system-wide physical 6005M (173M free)
TotalPageFile size 24437M (AvailPageFile size 0M)
current process WorkingSet (physical memory assigned to process): 244M, peak: 415M
current process commit charge ("private bytes"): 502M, peak: 518M

vm_info: OpenJDK 64-Bit Server VM (11.0.15+0-b2043.56-9505619) for windows-amd64 JRE (11.0.15+0-b2043.56-9505619), built on Jan 19 2023 02:48:00 by "builduser" with unknown MS VC++:1929

END.
